TN:
SF:src/lib/app-version.ts
FNF:0
FNH:0
DA:4,0
LF:1
LH:0
BRF:0
BRH:0
end_of_record
TN:
SF:src/lib/auth-client.ts
FNF:0
FNH:0
DA:4,0
LF:1
LH:0
BRF:0
BRH:0
end_of_record
TN:
SF:src/lib/auth/signup-plan.ts
FN:5,parseSignupPlanParam
FN:13,signupPlanSubtitle
FNF:2
FNH:2
FNDA:9,parseSignupPlanParam
FNDA:2,signupPlanSubtitle
DA:3,2
DA:6,9
DA:7,7
DA:8,3
DA:10,4
DA:14,2
LF:6
LH:6
BRDA:6,0,0,2
BRDA:6,0,1,7
BRDA:7,1,0,3
BRDA:7,1,1,4
BRDA:14,2,0,1
BRDA:14,2,1,1
BRF:6
BRH:6
end_of_record
TN:
SF:src/lib/billing/fetch-wallet.ts
FN:10,fetchWalletBalance
FNF:1
FNH:0
FNDA:0,fetchWalletBalance
DA:11,0
DA:12,0
DA:13,0
DA:14,0
DA:15,0
LF:5
LH:0
BRDA:12,0,0,0
BRDA:12,0,1,0
BRDA:14,1,0,0
BRDA:14,1,1,0
BRF:4
BRH:0
end_of_record
TN:
SF:src/lib/billing/paypal-checkout.ts
FN:41,normalizeSdkUrlHint
FN:50,isV6CoreScriptUrl
FN:55,findExistingV6CoreScript
FN:79,waitForCreateInstance
FN:81,(anonymous_4)
FN:82,tick
FN:102,loadPayPalSdkScript
FN:106,(anonymous_7)
FN:110,(anonymous_8)
FN:115,(anonymous_9)
FN:116,(anonymous_10)
FN:127,(anonymous_11)
FN:137,initPayPalCheckout
FN:173,(anonymous_13)
FN:180,(anonymous_14)
FN:189,(anonymous_15)
FN:192,(anonymous_16)
FN:197,(anonymous_17)
FN:207,(anonymous_18)
FN:213,(anonymous_19)
FN:228,(anonymous_20)
FNF:21
FNH:0
FNDA:0,normalizeSdkUrlHint
FNDA:0,isV6CoreScriptUrl
FNDA:0,findExistingV6CoreScript
FNDA:0,waitForCreateInstance
FNDA:0,(anonymous_4)
FNDA:0,tick
FNDA:0,loadPayPalSdkScript
FNDA:0,(anonymous_7)
FNDA:0,(anonymous_8)
FNDA:0,(anonymous_9)
FNDA:0,(anonymous_10)
FNDA:0,(anonymous_11)
FNDA:0,initPayPalCheckout
FNDA:0,(anonymous_13)
FNDA:0,(anonymous_14)
FNDA:0,(anonymous_15)
FNDA:0,(anonymous_16)
FNDA:0,(anonymous_17)
FNDA:0,(anonymous_18)
FNDA:0,(anonymous_19)
FNDA:0,(anonymous_20)
DA:39,0
DA:42,0
DA:43,0
DA:44,0
DA:46,0
DA:51,0
DA:52,0
DA:57,0
DA:58,0
DA:60,0
DA:62,0
DA:63,0
DA:64,0
DA:65,0
DA:66,0
DA:67,0
DA:69,0
DA:72,0
DA:80,0
DA:81,0
DA:83,0
DA:84,0
DA:85,0
DA:86,0
DA:88,0
DA:89,0
DA:94,0
DA:96,0
DA:98,0
DA:103,0
DA:104,0
DA:105,0
DA:106,0
DA:107,0
DA:109,0
DA:110,0
DA:111,0
DA:112,0
DA:113,0
DA:114,0
DA:115,0
DA:116,0
DA:117,0
DA:118,0
DA:122,0
DA:125,0
DA:127,0
DA:128,0
DA:132,0
DA:135,0
DA:146,0
DA:148,0
DA:149,0
DA:150,0
DA:154,0
DA:158,0
DA:165,0
DA:166,0
DA:167,0
DA:172,0
DA:174,0
DA:175,0
DA:180,0
DA:181,0
DA:182,0
DA:184,0
DA:185,0
DA:187,0
DA:190,0
DA:193,0
DA:197,0
DA:198,0
DA:199,0
DA:200,0
DA:201,0
DA:203,0
DA:204,0
DA:205,0
DA:208,0
DA:213,0
DA:214,0
DA:215,0
DA:219,0
DA:223,0
DA:227,0
DA:228,0
LF:86
LH:0
BRDA:51,0,0,0
BRDA:51,0,1,0
BRDA:64,1,0,0
BRDA:64,1,1,0
BRDA:67,2,0,0
BRDA:67,2,1,0
BRDA:79,3,0,0
BRDA:79,4,0,0
BRDA:83,5,0,0
BRDA:83,5,1,0
BRDA:84,6,0,0
BRDA:84,6,1,0
BRDA:88,7,0,0
BRDA:88,7,1,0
BRDA:105,8,0,0
BRDA:105,8,1,0
BRDA:109,9,0,0
BRDA:109,9,1,0
BRDA:149,10,0,0
BRDA:149,10,1,0
BRDA:154,11,0,0
BRDA:154,11,1,0
BRDA:154,12,0,0
BRDA:154,12,1,0
BRDA:162,13,0,0
BRDA:162,13,1,0
BRDA:166,14,0,0
BRDA:166,14,1,0
BRDA:181,15,0,0
BRDA:181,15,1,0
BRDA:182,16,0,0
BRDA:182,16,1,0
BRDA:184,17,0,0
BRDA:184,17,1,0
BRDA:193,18,0,0
BRDA:193,18,1,0
BRDA:199,19,0,0
BRDA:199,19,1,0
BRDA:199,20,0,0
BRDA:199,20,1,0
BRDA:214,21,0,0
BRDA:214,21,1,0
BRDA:214,22,0,0
BRDA:214,22,1,0
BRDA:216,23,0,0
BRDA:216,23,1,0
BRDA:223,24,0,0
BRDA:223,24,1,0
BRF:48
BRH:0
end_of_record
TN:
SF:src/lib/capture/capture-progress.ts
FN:5,totalPipelineSteps
FN:12,pipelineStepIndexFromEvent
FN:19,(anonymous_2)
FN:28,progressEventLabel
FN:30,(anonymous_4)
FN:41,captureQueueStatusLine
FN:64,captureQueueStatusText
FNF:7
FNH:6
FNDA:1,totalPipelineSteps
FNDA:2,pipelineStepIndexFromEvent
FNDA:0,(anonymous_2)
FNDA:3,progressEventLabel
FNDA:2,(anonymous_4)
FNDA:3,captureQueueStatusLine
FNDA:2,captureQueueStatusText
DA:8,1
DA:16,2
DA:17,8
DA:18,8
DA:19,0
DA:21,8
DA:22,6
DA:25,6
DA:29,3
DA:30,2
DA:32,2
DA:47,3
DA:48,1
DA:49,0
DA:51,1
DA:53,2
DA:54,1
DA:56,1
DA:57,1
DA:65,2
DA:67,1
DA:68,1
DA:70,1
DA:72,0
DA:74,0
DA:75,0
LF:26
LH:21
BRDA:18,0,0,0
BRDA:18,0,1,8
BRDA:19,1,0,0
BRDA:19,1,1,0
BRDA:19,2,0,0
BRDA:19,2,1,0
BRDA:21,3,0,2
BRDA:21,3,1,6
BRDA:21,4,0,8
BRDA:21,4,1,8
BRDA:22,5,0,0
BRDA:22,5,1,6
BRDA:22,6,0,6
BRDA:22,6,1,0
BRDA:29,7,0,1
BRDA:29,7,1,2
BRDA:47,8,0,1
BRDA:47,8,1,2
BRDA:48,9,0,0
BRDA:48,9,1,1
BRDA:53,10,0,1
BRDA:53,10,1,1
BRDA:60,11,0,1
BRDA:60,11,1,0
BRDA:65,12,0,1
BRDA:65,12,1,1
BRDA:65,12,2,0
BRDA:65,12,3,0
BRDA:67,13,0,0
BRDA:67,13,1,1
BRDA:74,14,0,0
BRDA:74,14,1,0
BRF:32
BRH:18
end_of_record
TN:
SF:src/lib/capture/consume-capture-ndjson.ts
FN:13,consumeCaptureNdjsonStream
FN:24,(anonymous_1)
FNF:2
FNH:1
FNDA:3,consumeCaptureNdjsonStream
FNDA:0,(anonymous_1)
DA:18,3
DA:19,3
DA:20,0
DA:24,3
DA:25,0
DA:28,3
DA:29,3
DA:30,3
DA:31,3
DA:33,5
DA:34,5
DA:36,5
DA:37,5
DA:38,5
DA:39,5
DA:40,5
DA:41,5
DA:42,5
DA:43,1
DA:44,1
DA:46,4
DA:47,1
DA:48,1
DA:50,3
DA:51,1
DA:53,2
DA:54,2
DA:57,2
DA:61,1
DA:62,0
DA:63,0
DA:65,1
DA:67,0
DA:68,0
DA:70,0
LF:35
LH:28
BRDA:19,0,0,0
BRDA:19,0,1,3
BRDA:40,1,0,0
BRDA:40,1,1,5
BRDA:42,2,0,1
BRDA:42,2,1,4
BRDA:46,3,0,1
BRDA:46,3,1,3
BRDA:50,4,0,1
BRDA:50,4,1,2
BRDA:51,5,0,1
BRDA:51,5,1,0
BRDA:53,6,0,2
BRDA:53,6,1,0
BRDA:57,7,0,0
BRDA:57,7,1,2
BRDA:61,8,0,0
BRDA:61,8,1,1
BRDA:61,9,0,1
BRDA:61,9,1,1
BRDA:61,9,2,1
BRDA:67,10,0,0
BRDA:67,10,1,0
BRF:23
BRH:15
end_of_record
TN:
SF:src/lib/capture/ingest-phases.ts
FNF:0
FNH:0
DA:1,1
DA:70,1
DA:80,1
LF:3
LH:3
BRF:0
BRH:0
end_of_record
TN:
SF:src/lib/capture/transcribe-audio.ts
FN:6,parseTranscribeErrorResponse
FN:22,transcribeRecordedAudio
FNF:2
FNH:2
FNDA:3,parseTranscribeErrorResponse
FNDA:3,transcribeRecordedAudio
DA:7,3
DA:8,3
DA:9,3
DA:10,2
DA:11,2
DA:14,1
DA:16,3
DA:26,3
DA:27,3
DA:28,3
DA:29,3
DA:30,1
DA:33,3
DA:40,3
DA:41,1
DA:44,2
DA:45,2
DA:46,1
DA:48,1
LF:19
LH:19
BRDA:10,0,0,2
BRDA:10,0,1,0
BRDA:10,1,0,2
BRDA:10,1,1,2
BRDA:16,2,0,3
BRDA:16,2,1,0
BRDA:27,3,0,3
BRDA:27,3,1,0
BRDA:27,4,0,0
BRDA:27,4,1,0
BRDA:29,5,0,1
BRDA:29,5,1,2
BRDA:40,6,0,1
BRDA:40,6,1,2
BRDA:45,7,0,1
BRDA:45,7,1,1
BRDA:45,8,0,2
BRDA:45,8,1,2
BRF:18
BRH:13
end_of_record
TN:
SF:src/lib/chat/chat-stream-types.ts
FN:48,toolVisual
FN:52,toolLabel
FN:57,toolCategoryClasses
FN:61,toolStatusBadgeClasses
FN:73,formatToolArgumentsSummary
FN:117,toolArgumentsPreview
FN:126,isToolResultFailed
FN:147,parseToolResultObject
FN:210,memoryHitsFromPayload
FN:218,(anonymous_9)
FN:236,(anonymous_10)
FN:237,(anonymous_11)
FN:254,coerceToolResultSource
FN:269,salvageMemoryHitsFromBrokenJson
FN:302,decodeToolResultPayload
FN:340,(anonymous_15)
FN:351,looksLikeRawToolJson
FN:356,parseToolResultPreview
FN:362,toolResultViewToText
FN:368,(anonymous_19)
FN:376,resolveToolResultView
FN:404,resolveToolResultText
FN:412,formatToolResultForDisplay
FN:420,stripCitationTokens
FN:425,parseComposedAnswerSections
FN:463,evidenceHitsFromAnswerQuestionPayload
FN:467,(anonymous_26)
FN:473,parseFinalAnswerText
FNF:28
FNH:23
FNDA:3,toolVisual
FNDA:0,toolLabel
FNDA:1,toolCategoryClasses
FNDA:0,toolStatusBadgeClasses
FNDA:1,formatToolArgumentsSummary
FNDA:0,toolArgumentsPreview
FNDA:1,isToolResultFailed
FNDA:17,parseToolResultObject
FNDA:16,memoryHitsFromPayload
FNDA:15,(anonymous_9)
FNDA:15,(anonymous_10)
FNDA:15,(anonymous_11)
FNDA:11,coerceToolResultSource
FNDA:1,salvageMemoryHitsFromBrokenJson
FNDA:17,decodeToolResultPayload
FNDA:2,(anonymous_15)
FNDA:4,looksLikeRawToolJson
FNDA:17,parseToolResultPreview
FNDA:6,toolResultViewToText
FNDA:2,(anonymous_19)
FNDA:5,resolveToolResultView
FNDA:0,resolveToolResultText
FNDA:6,formatToolResultForDisplay
FNDA:10,stripCitationTokens
FNDA:7,parseComposedAnswerSections
FNDA:3,evidenceHitsFromAnswerQuestionPayload
FNDA:0,(anonymous_26)
FNDA:5,parseFinalAnswerText
DA:12,3
DA:33,3
DA:42,3
DA:49,3
DA:53,0
DA:58,1
DA:62,0
DA:64,0
DA:66,0
DA:69,0
DA:77,1
DA:79,1
DA:80,1
DA:81,1
DA:84,0
DA:85,0
DA:86,0
DA:87,0
DA:88,0
DA:92,0
DA:93,0
DA:94,0
DA:95,0
DA:96,0
DA:97,0
DA:98,0
DA:99,0
DA:101,0
DA:104,0
DA:105,0
DA:106,0
DA:109,0
DA:110,0
DA:111,0
DA:114,0
DA:118,0
DA:119,0
DA:120,0
DA:122,0
DA:127,1
DA:128,1
DA:129,1
DA:131,0
DA:148,17
DA:149,1
DA:152,16
DA:153,0
DA:154,0
DA:155,0
DA:156,0
DA:159,16
DA:160,0
DA:161,0
DA:162,0
DA:167,0
DA:172,0
DA:173,0
DA:174,0
DA:175,0
DA:176,0
DA:177,0
DA:178,0
DA:179,0
DA:180,0
DA:182,0
DA:183,0
DA:185,0
DA:186,0
DA:187,0
DA:189,0
DA:192,16
DA:193,0
DA:194,0
DA:195,0
DA:197,0
DA:200,16
DA:201,16
DA:203,4
DA:204,4
DA:207,0
DA:211,16
DA:214,16
DA:216,12
DA:217,12
DA:219,15
DA:220,15
DA:222,15
DA:229,15
DA:230,15
DA:236,15
DA:238,15
DA:239,15
DA:240,15
DA:241,3
DA:242,0
DA:244,3
DA:246,12
DA:247,12
DA:250,12
DA:255,11
DA:256,10
DA:257,10
DA:259,1
DA:260,1
DA:261,1
DA:263,0
DA:266,0
DA:270,1
DA:271,1
DA:272,1
DA:274,1
DA:276,1
DA:277,1
DA:278,1
DA:280,0
DA:283,1
DA:284,1
DA:286,2
DA:287,2
DA:289,0
DA:291,2
DA:292,2
DA:297,2
DA:299,1
DA:303,17
DA:304,17
DA:306,17
DA:307,17
DA:309,17
DA:310,17
DA:311,17
DA:312,17
DA:313,0
DA:314,0
DA:316,0
DA:319,16
DA:320,0
DA:322,16
DA:323,16
DA:324,16
DA:325,0
DA:327,16
DA:328,0
DA:330,16
DA:337,1
DA:338,1
DA:339,1
DA:340,2
DA:348,0
DA:352,4
DA:353,4
DA:357,17
DA:358,17
DA:359,17
DA:363,6
DA:365,1
DA:367,3
DA:368,2
DA:370,0
DA:372,2
DA:381,5
DA:382,5
DA:384,5
DA:385,6
DA:386,5
DA:387,5
DA:390,0
DA:391,0
DA:394,0
DA:395,0
DA:397,0
DA:398,0
DA:401,0
DA:409,0
DA:413,6
DA:414,6
DA:415,0
DA:418,3
DA:421,10
DA:429,7
DA:430,7
DA:431,7
DA:432,7
DA:434,7
DA:435,23
DA:436,23
DA:437,19
DA:438,3
DA:439,3
DA:440,3
DA:442,16
DA:443,3
DA:444,3
DA:446,13
DA:447,3
DA:448,3
DA:450,10
DA:451,3
DA:452,3
DA:456,7
DA:457,4
DA:459,7
DA:464,3
DA:465,3
DA:466,0
DA:467,0
DA:469,0
DA:474,5
DA:475,3
DA:476,3
DA:477,2
DA:479,1
DA:480,1
DA:481,1
DA:482,1
DA:483,1
DA:489,2
LF:217
LH:133
BRDA:49,0,0,3
BRDA:49,0,1,0
BRDA:62,1,0,0
BRDA:62,1,1,0
BRDA:62,1,2,0
BRDA:62,1,3,0
BRDA:77,2,0,0
BRDA:77,2,1,1
BRDA:77,3,0,1
BRDA:77,3,1,1
BRDA:79,4,0,1
BRDA:79,4,1,0
BRDA:79,5,0,1
BRDA:79,5,1,0
BRDA:80,6,0,1
BRDA:80,6,1,0
BRDA:81,7,0,1
BRDA:81,7,1,0
BRDA:81,8,0,1
BRDA:81,8,1,1
BRDA:84,9,0,0
BRDA:84,9,1,0
BRDA:85,10,0,0
BRDA:85,10,1,0
BRDA:85,10,2,0
BRDA:86,11,0,0
BRDA:86,11,1,0
BRDA:86,12,0,0
BRDA:86,12,1,0
BRDA:88,13,0,0
BRDA:88,13,1,0
BRDA:92,14,0,0
BRDA:92,14,1,0
BRDA:93,15,0,0
BRDA:93,15,1,0
BRDA:94,16,0,0
BRDA:94,16,1,0
BRDA:94,16,2,0
BRDA:96,17,0,0
BRDA:96,17,1,0
BRDA:96,18,0,0
BRDA:96,18,1,0
BRDA:97,19,0,0
BRDA:97,19,1,0
BRDA:97,20,0,0
BRDA:97,20,1,0
BRDA:99,21,0,0
BRDA:99,21,1,0
BRDA:101,22,0,0
BRDA:101,22,1,0
BRDA:104,23,0,0
BRDA:104,23,1,0
BRDA:105,24,0,0
BRDA:105,24,1,0
BRDA:106,25,0,0
BRDA:106,25,1,0
BRDA:106,26,0,0
BRDA:106,26,1,0
BRDA:109,27,0,0
BRDA:109,27,1,0
BRDA:111,28,0,0
BRDA:111,28,1,0
BRDA:117,29,0,0
BRDA:120,30,0,0
BRDA:120,30,1,0
BRDA:129,31,0,1
BRDA:129,31,1,1
BRDA:148,32,0,1
BRDA:148,32,1,16
BRDA:148,33,0,17
BRDA:148,33,1,1
BRDA:152,34,0,0
BRDA:152,34,1,16
BRDA:152,35,0,16
BRDA:152,35,1,0
BRDA:152,35,2,0
BRDA:154,36,0,0
BRDA:154,36,1,0
BRDA:155,37,0,0
BRDA:155,37,1,0
BRDA:155,37,2,0
BRDA:159,38,0,0
BRDA:159,38,1,16
BRDA:160,39,0,0
BRDA:160,39,1,0
BRDA:161,40,0,0
BRDA:161,40,1,0
BRDA:173,41,0,0
BRDA:173,41,1,0
BRDA:174,42,0,0
BRDA:174,42,1,0
BRDA:175,43,0,0
BRDA:175,43,1,0
BRDA:175,44,0,0
BRDA:175,44,1,0
BRDA:176,45,0,0
BRDA:176,45,1,0
BRDA:177,46,0,0
BRDA:177,46,1,0
BRDA:178,47,0,0
BRDA:178,47,1,0
BRDA:179,48,0,0
BRDA:179,48,1,0
BRDA:180,49,0,0
BRDA:180,49,1,0
BRDA:182,50,0,0
BRDA:182,50,1,0
BRDA:183,51,0,0
BRDA:183,51,1,0
BRDA:183,52,0,0
BRDA:183,52,1,0
BRDA:185,53,0,0
BRDA:185,53,1,0
BRDA:185,54,0,0
BRDA:185,54,1,0
BRDA:187,55,0,0
BRDA:187,55,1,0
BRDA:189,56,0,0
BRDA:189,56,1,0
BRDA:192,57,0,0
BRDA:192,57,1,16
BRDA:193,58,0,0
BRDA:193,58,1,0
BRDA:194,59,0,0
BRDA:194,59,1,0
BRDA:194,60,0,0
BRDA:194,60,1,0
BRDA:197,61,0,0
BRDA:197,61,1,0
BRDA:201,62,0,12
BRDA:201,62,1,4
BRDA:203,63,0,4
BRDA:203,63,1,0
BRDA:203,64,0,4
BRDA:203,64,1,4
BRDA:214,65,0,4
BRDA:214,65,1,12
BRDA:219,66,0,0
BRDA:219,66,1,15
BRDA:219,67,0,15
BRDA:219,67,1,15
BRDA:222,68,0,14
BRDA:222,68,1,1
BRDA:224,69,0,1
BRDA:224,69,1,0
BRDA:226,70,0,0
BRDA:226,70,1,0
BRDA:229,71,0,0
BRDA:229,71,1,15
BRDA:231,72,0,8
BRDA:231,72,1,7
BRDA:233,73,0,12
BRDA:233,73,1,3
BRDA:238,74,0,15
BRDA:238,74,1,3
BRDA:240,75,0,3
BRDA:240,75,1,12
BRDA:241,76,0,0
BRDA:241,76,1,3
BRDA:241,77,0,3
BRDA:241,77,1,0
BRDA:255,78,0,10
BRDA:255,78,1,1
BRDA:257,79,0,9
BRDA:257,79,1,1
BRDA:259,80,0,1
BRDA:259,80,1,0
BRDA:259,81,0,1
BRDA:259,81,1,1
BRDA:291,82,0,2
BRDA:291,82,1,0
BRDA:304,83,0,0
BRDA:304,83,1,17
BRDA:307,84,0,0
BRDA:307,84,1,17
BRDA:312,85,0,0
BRDA:312,85,1,17
BRDA:319,86,0,0
BRDA:319,86,1,16
BRDA:322,87,0,16
BRDA:322,87,1,0
BRDA:322,88,0,16
BRDA:322,88,1,16
BRDA:324,89,0,0
BRDA:324,89,1,16
BRDA:324,90,0,16
BRDA:324,90,1,0
BRDA:324,90,2,0
BRDA:327,91,0,0
BRDA:327,91,1,16
BRDA:327,92,0,16
BRDA:327,92,1,0
BRDA:327,92,2,0
BRDA:338,93,0,1
BRDA:338,93,1,0
BRDA:353,94,0,4
BRDA:353,94,1,0
BRDA:353,94,2,0
BRDA:358,95,0,0
BRDA:358,95,1,17
BRDA:363,96,0,1
BRDA:363,96,1,3
BRDA:363,96,2,0
BRDA:363,96,3,2
BRDA:367,97,0,1
BRDA:367,97,1,2
BRDA:381,98,0,5
BRDA:381,98,1,1
BRDA:385,99,0,1
BRDA:385,99,1,5
BRDA:387,100,0,5
BRDA:387,100,1,0
BRDA:390,101,0,0
BRDA:390,101,1,0
BRDA:390,102,0,0
BRDA:390,102,1,0
BRDA:395,103,0,0
BRDA:395,103,1,0
BRDA:397,104,0,0
BRDA:397,104,1,0
BRDA:397,105,0,0
BRDA:397,105,1,0
BRDA:397,105,2,0
BRDA:414,106,0,6
BRDA:414,106,1,0
BRDA:415,107,0,0
BRDA:415,107,1,0
BRDA:436,108,0,4
BRDA:436,108,1,19
BRDA:437,109,0,3
BRDA:437,109,1,16
BRDA:442,110,0,3
BRDA:442,110,1,13
BRDA:446,111,0,3
BRDA:446,111,1,10
BRDA:450,112,0,3
BRDA:450,112,1,7
BRDA:450,113,0,10
BRDA:450,113,1,3
BRDA:452,114,0,3
BRDA:452,114,1,0
BRDA:456,115,0,4
BRDA:456,115,1,3
BRDA:465,116,0,3
BRDA:465,116,1,0
BRDA:466,117,0,0
BRDA:466,117,1,0
BRDA:474,118,0,3
BRDA:474,118,1,2
BRDA:476,119,0,2
BRDA:476,119,1,1
BRDA:481,120,0,0
BRDA:481,120,1,1
BRDA:482,121,0,1
BRDA:482,121,1,0
BRDA:482,122,0,1
BRDA:482,122,1,1
BRDA:482,122,2,1
BRF:258
BRH:102
end_of_record
TN:
SF:src/lib/chat/consume-chat-ndjson.ts
FN:7,parseNdjsonLine
FN:13,consumeChatNdjsonStream
FN:23,(anonymous_2)
FN:30,(anonymous_3)
FN:45,(anonymous_4)
FNF:5
FNH:5
FNDA:8,parseNdjsonLine
FNDA:6,consumeChatNdjsonStream
FNDA:1,(anonymous_2)
FNDA:8,(anonymous_3)
FNDA:3,(anonymous_4)
DA:8,8
DA:9,8
DA:10,8
DA:18,6
DA:19,6
DA:20,1
DA:23,5
DA:24,1
DA:27,6
DA:28,6
DA:30,6
DA:31,8
DA:32,8
DA:34,8
DA:35,1
DA:37,7
DA:38,2
DA:41,5
DA:42,5
DA:45,6
DA:46,3
DA:47,3
DA:48,3
DA:49,1
DA:52,6
DA:53,6
DA:54,11
DA:55,11
DA:57,11
DA:58,7
DA:59,7
DA:60,7
DA:61,7
DA:63,9
DA:66,3
DA:67,3
DA:69,1
DA:70,0
DA:72,1
DA:75,2
DA:76,1
DA:78,1
LF:42
LH:41
BRDA:9,0,0,0
BRDA:9,0,1,8
BRDA:19,1,0,1
BRDA:19,1,1,5
BRDA:32,2,0,0
BRDA:32,2,1,8
BRDA:34,3,0,1
BRDA:34,3,1,7
BRDA:35,4,0,1
BRDA:35,4,1,0
BRDA:37,5,0,2
BRDA:37,5,1,5
BRDA:48,6,0,2
BRDA:48,6,1,1
BRDA:61,7,0,1
BRDA:61,7,1,6
BRDA:63,8,0,3
BRDA:63,8,1,6
BRDA:67,9,0,1
BRDA:67,9,1,2
BRDA:69,10,0,0
BRDA:69,10,1,1
BRDA:69,11,0,1
BRDA:69,11,1,1
BRDA:69,11,2,1
BRDA:75,12,0,1
BRDA:75,12,1,1
BRF:27
BRH:23
end_of_record
TN:
SF:src/lib/chat/normalize-messages.ts
FN:63,normalizeAnswerText
FN:68,mergeToolCallPairs
FN:104,hasTimelineEntries
FN:105,(anonymous_3)
FN:109,normalizeChatDisplay
FN:111,(anonymous_5)
FN:177,compactChatIntermediateSteps
FN:207,shouldSkipDuplicateFinalAnswer
FN:208,(anonymous_8)
FN:213,toolStepToDisplayEntry
FN:232,toolResultPayloadFromMetadata
FN:258,sessionMessagesToChatEntries
FN:362,toolStepToTimelineEntries
FNF:13
FNH:11
FNDA:6,normalizeAnswerText
FNDA:4,mergeToolCallPairs
FNDA:4,hasTimelineEntries
FNDA:9,(anonymous_3)
FNDA:4,normalizeChatDisplay
FNDA:0,(anonymous_5)
FNDA:6,compactChatIntermediateSteps
FNDA:1,shouldSkipDuplicateFinalAnswer
FNDA:1,(anonymous_8)
FNDA:0,toolStepToDisplayEntry
FNDA:5,toolResultPayloadFromMetadata
FNDA:4,sessionMessagesToChatEntries
FNDA:2,toolStepToTimelineEntries
DA:64,6
DA:69,4
DA:70,4
DA:71,8
DA:72,8
DA:73,8
DA:80,1
DA:87,1
DA:88,1
DA:89,1
DA:95,0
DA:97,1
DA:99,7
DA:101,4
DA:105,9
DA:110,4
DA:111,0
DA:112,0
DA:113,0
DA:115,0
DA:116,0
DA:125,4
DA:126,4
DA:128,4
DA:129,8
DA:131,8
DA:132,0
DA:139,0
DA:143,8
DA:153,1
DA:156,7
DA:167,1
DA:170,6
DA:173,4
DA:178,6
DA:179,6
DA:180,9
DA:181,9
DA:182,9
DA:183,9
DA:189,3
DA:199,3
DA:200,3
DA:202,6
DA:204,6
DA:208,1
DA:209,1
DA:220,0
DA:236,5
DA:237,5
DA:238,4
DA:241,1
DA:242,5
DA:243,0
DA:245,1
DA:246,5
DA:247,0
DA:250,1
DA:251,5
DA:259,4
DA:261,4
DA:262,9
DA:263,1
DA:264,1
DA:266,8
DA:268,8
DA:269,9
DA:271,9
DA:272,0
DA:273,0
DA:276,8
DA:277,9
DA:279,0
DA:282,8
DA:283,2
DA:291,2
DA:294,6
DA:295,1
DA:303,1
DA:304,1
DA:305,0
DA:315,1
DA:318,5
DA:319,1
DA:326,1
DA:329,4
DA:331,1
DA:332,1
DA:339,1
DA:342,3
DA:343,2
DA:352,2
DA:355,1
DA:358,4
DA:368,2
DA:369,2
LF:96
LH:81
BRDA:73,0,0,1
BRDA:73,0,1,7
BRDA:74,1,0,8
BRDA:74,1,1,7
BRDA:74,1,2,5
BRDA:74,1,3,4
BRDA:74,1,4,1
BRDA:83,2,0,0
BRDA:83,2,1,1
BRDA:89,3,0,0
BRDA:89,3,1,1
BRDA:90,4,0,1
BRDA:90,4,1,1
BRDA:90,4,2,0
BRDA:90,4,3,0
BRDA:105,5,0,9
BRDA:105,5,1,8
BRDA:110,6,0,0
BRDA:110,6,1,4
BRDA:112,7,0,0
BRDA:112,7,1,0
BRDA:112,8,0,0
BRDA:112,8,1,0
BRDA:112,8,2,0
BRDA:117,9,0,0
BRDA:117,9,1,0
BRDA:117,9,2,0
BRDA:117,9,3,0
BRDA:131,10,0,0
BRDA:131,10,1,8
BRDA:131,11,0,8
BRDA:131,11,1,7
BRDA:132,12,0,0
BRDA:132,12,1,0
BRDA:133,13,0,0
BRDA:133,13,1,0
BRDA:133,13,2,0
BRDA:133,13,3,0
BRDA:133,13,4,0
BRDA:143,14,0,1
BRDA:143,14,1,7
BRDA:144,15,0,8
BRDA:144,15,1,7
BRDA:144,15,2,2
BRDA:144,15,3,2
BRDA:144,15,4,2
BRDA:144,15,5,2
BRDA:144,15,6,2
BRDA:144,15,7,2
BRDA:156,16,0,1
BRDA:156,16,1,6
BRDA:157,17,0,7
BRDA:157,17,1,6
BRDA:157,17,2,5
BRDA:157,17,3,5
BRDA:157,17,4,5
BRDA:157,17,5,1
BRDA:157,17,6,1
BRDA:157,17,7,1
BRDA:157,17,8,1
BRDA:165,18,0,1
BRDA:165,18,1,0
BRDA:165,19,0,1
BRDA:165,19,1,0
BRDA:183,20,0,3
BRDA:183,20,1,6
BRDA:184,21,0,9
BRDA:184,21,1,5
BRDA:184,21,2,3
BRDA:184,21,3,3
BRDA:194,22,0,3
BRDA:194,22,1,0
BRDA:209,23,0,1
BRDA:209,23,1,1
BRDA:224,24,0,0
BRDA:224,24,1,0
BRDA:225,25,0,0
BRDA:225,25,1,0
BRDA:237,26,0,4
BRDA:237,26,1,1
BRDA:237,27,0,5
BRDA:237,27,1,4
BRDA:241,28,0,0
BRDA:241,28,1,1
BRDA:242,29,0,0
BRDA:242,29,1,5
BRDA:242,30,0,5
BRDA:242,30,1,0
BRDA:245,31,0,0
BRDA:245,31,1,1
BRDA:246,32,0,0
BRDA:246,32,1,5
BRDA:246,33,0,5
BRDA:246,33,1,0
BRDA:250,34,0,0
BRDA:250,34,1,1
BRDA:251,35,0,5
BRDA:251,35,1,1
BRDA:251,35,2,1
BRDA:251,35,3,1
BRDA:262,36,0,1
BRDA:262,36,1,8
BRDA:266,37,0,0
BRDA:266,37,1,8
BRDA:268,38,0,8
BRDA:268,38,1,1
BRDA:269,39,0,7
BRDA:269,39,1,1
BRDA:271,40,0,0
BRDA:271,40,1,9
BRDA:276,41,0,7
BRDA:276,41,1,1
BRDA:277,42,0,0
BRDA:277,42,1,9
BRDA:277,43,0,9
BRDA:277,43,1,1
BRDA:277,43,2,0
BRDA:279,44,0,0
BRDA:279,44,1,0
BRDA:279,45,0,0
BRDA:279,45,1,0
BRDA:282,46,0,2
BRDA:282,46,1,6
BRDA:282,47,0,8
BRDA:282,47,1,2
BRDA:286,48,0,2
BRDA:286,48,1,0
BRDA:294,49,0,1
BRDA:294,49,1,5
BRDA:294,50,0,6
BRDA:294,50,1,1
BRDA:301,51,0,1
BRDA:301,51,1,0
BRDA:304,52,0,0
BRDA:304,52,1,1
BRDA:312,53,0,0
BRDA:312,53,1,0
BRDA:318,54,0,1
BRDA:318,54,1,4
BRDA:318,55,0,5
BRDA:318,55,1,1
BRDA:329,56,0,1
BRDA:329,56,1,3
BRDA:329,57,0,4
BRDA:329,57,1,1
BRDA:331,58,0,1
BRDA:331,58,1,1
BRDA:331,58,2,0
BRDA:331,58,3,0
BRDA:342,59,0,2
BRDA:342,59,1,1
BRDA:342,60,0,3
BRDA:342,60,1,2
BRDA:376,61,0,2
BRDA:376,61,1,0
BRF:155
BRH:103
end_of_record
TN:
SF:src/lib/chat/render-markdown.ts
FN:10,(anonymous_0)
FN:50,renderMarkdownToHtml
FNF:2
FNH:1
FNDA:0,(anonymous_0)
FNDA:4,renderMarkdownToHtml
DA:4,1
DA:9,1
DA:10,1
DA:11,0
DA:12,0
DA:13,0
DA:15,1
DA:17,1
DA:51,4
DA:52,4
DA:53,3
DA:54,3
DA:55,3
LF:13
LH:10
BRDA:11,0,0,0
BRDA:11,0,1,0
BRDA:12,1,0,0
BRDA:12,1,1,0
BRDA:52,2,0,1
BRDA:52,2,1,3
BRDA:54,3,0,0
BRDA:54,3,1,3
BRF:8
BRH:3
end_of_record
TN:
SF:src/lib/graph/community-hull.ts
FN:2,communityCircleFromPositions
FN:29,communityGradientId
FNF:2
FNH:0
FNDA:0,communityCircleFromPositions
FNDA:0,communityGradientId
DA:6,0
DA:7,0
DA:8,0
DA:9,0
DA:10,0
DA:11,0
DA:13,0
DA:14,0
DA:15,0
DA:16,0
DA:17,0
DA:19,0
DA:23,1
DA:30,0
LF:14
LH:1
BRDA:4,0,0,0
BRDA:6,1,0,0
BRDA:6,1,1,0
BRF:3
BRH:0
end_of_record
TN:
SF:src/lib/graph/graph-edit-api.ts
FN:9,fetchThoughtForGraphEdit
FN:18,fetchEntityForGraphEdit
FN:27,fetchEntityCaptures
FN:37,submitGraphThoughtEdit
FN:52,(anonymous_4)
FN:61,submitGraphThoughtRelink
FN:78,(anonymous_6)
FN:86,deleteGraphThought
FN:91,updateGraphEntity
FN:109,syncGraphEntity
FN:120,deleteGraphEntity
FN:133,rearrangeGraph
FNF:12
FNH:0
FNDA:0,fetchThoughtForGraphEdit
FNDA:0,fetchEntityForGraphEdit
FNDA:0,fetchEntityCaptures
FNDA:0,submitGraphThoughtEdit
FNDA:0,(anonymous_4)
FNDA:0,submitGraphThoughtRelink
FNDA:0,(anonymous_6)
FNDA:0,deleteGraphThought
FNDA:0,updateGraphEntity
FNDA:0,syncGraphEntity
FNDA:0,deleteGraphEntity
FNDA:0,rearrangeGraph
DA:10,0
DA:11,0
DA:12,0
DA:13,0
DA:15,0
DA:19,0
DA:20,0
DA:21,0
DA:22,0
DA:24,0
DA:28,0
DA:29,0
DA:30,0
DA:31,0
DA:33,0
DA:34,0
DA:42,0
DA:50,0
DA:51,0
DA:52,0
DA:53,0
DA:56,0
DA:57,0
DA:58,0
DA:65,0
DA:73,0
DA:74,0
DA:76,0
DA:77,0
DA:78,0
DA:79,0
DA:82,0
DA:83,0
DA:87,0
DA:88,0
DA:96,0
DA:104,0
DA:105,0
DA:106,0
DA:112,0
DA:115,0
DA:116,0
DA:117,0
DA:121,0
DA:122,0
DA:134,0
DA:135,0
DA:136,0
LF:48
LH:0
BRDA:11,0,0,0
BRDA:11,0,1,0
BRDA:13,1,0,0
BRDA:13,1,1,0
BRDA:20,2,0,0
BRDA:20,2,1,0
BRDA:22,3,0,0
BRDA:22,3,1,0
BRDA:29,4,0,0
BRDA:29,4,1,0
BRDA:31,5,0,0
BRDA:31,5,1,0
BRDA:34,6,0,0
BRDA:34,6,1,0
BRDA:50,7,0,0
BRDA:50,7,1,0
BRDA:51,8,0,0
BRDA:51,8,1,0
BRDA:56,9,0,0
BRDA:56,9,1,0
BRDA:73,10,0,0
BRDA:73,10,1,0
BRDA:74,11,0,0
BRDA:74,11,1,0
BRDA:76,12,0,0
BRDA:76,12,1,0
BRDA:77,13,0,0
BRDA:77,13,1,0
BRDA:88,14,0,0
BRDA:88,14,1,0
BRDA:101,15,0,0
BRDA:101,15,1,0
BRDA:104,16,0,0
BRDA:104,16,1,0
BRDA:115,17,0,0
BRDA:115,17,1,0
BRDA:122,18,0,0
BRDA:122,18,1,0
BRDA:135,19,0,0
BRDA:135,19,1,0
BRF:40
BRH:0
end_of_record
TN:
SF:src/lib/graph/graph-ontology-legend.ts
FN:50,ontologyFillForKey
FN:59,nodeFillForGraph
FN:74,customEntityFillsFromLegendSections
FN:112,mergeGraphLegendWithUserOntology
FN:113,(anonymous_4)
FN:115,(anonymous_5)
FN:116,(anonymous_6)
FN:124,(anonymous_7)
FN:125,(anonymous_8)
FNF:9
FNH:7
FNDA:1,ontologyFillForKey
FNDA:0,nodeFillForGraph
FNDA:0,customEntityFillsFromLegendSections
FNDA:3,mergeGraphLegendWithUserOntology
FNDA:2,(anonymous_4)
FNDA:2,(anonymous_5)
FNDA:1,(anonymous_6)
FNDA:1,(anonymous_7)
FNDA:1,(anonymous_8)
DA:16,2
DA:22,2
DA:51,1
DA:52,1
DA:53,2
DA:55,1
DA:64,0
DA:65,0
DA:66,0
DA:77,0
DA:78,0
DA:79,0
DA:80,0
DA:81,0
DA:82,0
DA:85,0
DA:113,3
DA:114,3
DA:115,2
DA:116,1
DA:123,3
DA:124,1
DA:126,1
DA:127,1
DA:128,1
DA:135,3
DA:136,3
DA:137,1
DA:139,3
DA:140,1
DA:142,3
LF:31
LH:21
BRDA:65,0,0,0
BRDA:65,0,1,0
BRDA:79,1,0,0
BRDA:79,1,1,0
BRDA:82,2,0,0
BRDA:82,2,1,0
BRDA:126,3,0,1
BRDA:126,3,1,0
BRDA:127,4,0,1
BRDA:127,4,1,0
BRDA:136,5,0,1
BRDA:136,5,1,2
BRDA:139,6,0,1
BRDA:139,6,1,2
BRF:14
BRH:6
end_of_record
TN:
SF:src/lib/graph/graph-page-types.ts
FNF:0
FNH:0
LF:0
LH:0
BRF:0
BRH:0
end_of_record
TN:
SF:src/lib/i18n/ui-locale.ts
FN:8,(anonymous_0)
FN:10,normalizeUiLocale
FNF:2
FNH:1
FNDA:2,(anonymous_0)
FNDA:0,normalizeUiLocale
DA:3,1
DA:8,2
DA:11,0
DA:12,0
DA:13,0
DA:15,0
LF:6
LH:2
BRDA:12,0,0,0
BRDA:12,0,1,0
BRDA:12,1,0,0
BRDA:12,1,1,0
BRF:4
BRH:0
end_of_record
TN:
SF:src/lib/memory/delete-confirmation.ts
FN:4,isDeleteAllMemoriesConfirmation
FNF:1
FNH:1
FNDA:5,isDeleteAllMemoriesConfirmation
DA:2,2
DA:5,5
LF:2
LH:2
BRF:0
BRH:0
end_of_record
TN:
SF:src/lib/server/auth-form-errors.ts
FN:3,(anonymous_0)
FNF:1
FNH:1
FNDA:5,(anonymous_0)
DA:3,1
DA:4,5
DA:5,1
DA:8,4
DA:9,1
DA:12,3
DA:13,2
DA:14,2
DA:17,1
LF:9
LH:9
BRDA:4,0,0,1
BRDA:4,0,1,4
BRDA:5,1,0,1
BRDA:5,1,1,0
BRDA:8,2,0,1
BRDA:8,2,1,3
BRDA:9,3,0,1
BRDA:9,3,1,0
BRDA:12,4,0,2
BRDA:12,4,1,1
BRDA:12,5,0,3
BRDA:12,5,1,3
BRDA:12,5,2,2
BRDA:14,6,0,1
BRDA:14,6,1,1
BRDA:14,7,0,2
BRDA:14,7,1,2
BRF:17
BRH:15
end_of_record
TN:
SF:src/lib/server/auth-social.ts
FN:21,readCredential
FN:30,buildSocialProvidersConfig
FN:47,listEnabledSocialProviderIds
FN:50,(anonymous_3)
FNF:4
FNH:4
FNDA:60,readCredential
FNDA:15,buildSocialProvidersConfig
FNDA:5,listEnabledSocialProviderIds
FNDA:10,(anonymous_3)
DA:2,4
DA:16,4
DA:22,60
DA:23,60
DA:33,15
DA:35,15
DA:36,30
DA:37,30
DA:38,30
DA:39,30
DA:40,8
DA:44,15
DA:50,10
LF:13
LH:13
BRDA:23,0,0,60
BRDA:23,0,1,43
BRDA:39,1,0,8
BRDA:39,1,1,22
BRDA:39,2,0,30
BRDA:39,2,1,9
BRF:6
BRH:6
end_of_record
TN:
SF:src/lib/server/auth.ts
FN:16,normalizeAuthOrigin
FNF:1
FNH:1
FNDA:5,normalizeAuthOrigin
DA:9,1
DA:10,1
DA:17,5
DA:18,5
DA:19,1
DA:21,4
DA:23,5
DA:24,5
DA:26,0
DA:28,4
DA:31,1
LF:11
LH:10
BRDA:18,0,0,1
BRDA:18,0,1,4
BRDA:21,1,0,3
BRDA:21,1,1,1
BRDA:36,2,0,0
BRDA:36,2,1,1
BRF:6
BRH:5
end_of_record
TN:
SF:src/lib/server/pricing.ts
FN:15,priceCall
FN:24,(anonymous_1)
FNF:2
FNH:2
FNDA:8,priceCall
FNDA:12,(anonymous_1)
DA:2,18
DA:16,8
DA:17,2
DA:19,6
DA:20,2
DA:22,4
DA:23,4
DA:24,12
DA:25,4
LF:9
LH:9
BRDA:15,0,0,8
BRDA:16,1,0,2
BRDA:16,1,1,6
BRDA:16,2,0,8
BRDA:16,2,1,7
BRDA:19,3,0,2
BRDA:19,3,1,4
BRDA:19,4,0,6
BRDA:19,4,1,5
BRF:9
BRH:9
end_of_record
TN:
SF:src/lib/server/retrieval.ts
FN:29,combinedScore
FN:34,rankCandidates
FN:35,(anonymous_2)
FN:38,selectRetrievalModeFromQuery
FNF:4
FNH:4
FNDA:4,combinedScore
FNDA:1,rankCandidates
FNDA:1,(anonymous_2)
FNDA:2,selectRetrievalModeFromQuery
DA:18,7
DA:30,4
DA:31,4
DA:35,1
DA:39,2
DA:41,2
DA:43,2
LF:7
LH:7
BRDA:41,0,0,2
BRDA:41,0,1,1
BRDA:43,1,0,1
BRDA:43,1,1,1
BRF:4
BRH:4
end_of_record
TN:
SF:src/lib/server/activity/gateway-providers.ts
FNF:0
FNH:0
DA:5,18
DA:8,18
DA:10,18
DA:12,18
LF:4
LH:4
BRF:0
BRH:0
end_of_record
TN:
SF:src/lib/server/activity/log-call.ts
FN:7,logActivityCall
FNF:1
FNH:1
FNDA:8,logActivityCall
DA:21,8
DA:23,8
DA:26,8
DA:27,8
LF:4
LH:4
BRDA:23,0,0,2
BRDA:23,0,1,6
BRDA:24,1,0,1
BRDA:24,1,1,1
BRDA:30,2,0,1
BRDA:30,2,1,7
BRDA:37,3,0,8
BRDA:37,3,1,7
BRF:8
BRH:8
end_of_record
TN:
SF:src/lib/server/activity/trace-context.ts
FN:5,runWithTrace
FN:9,getCurrentTraceGroupId
FNF:2
FNH:2
FNDA:35,runWithTrace
FNDA:2,getCurrentTraceGroupId
DA:3,19
DA:6,35
DA:10,2
LF:3
LH:3
BRF:0
BRH:0
end_of_record
TN:
SF:src/lib/server/auth/user-role.ts
FN:7,getUserRole
FN:16,isUserAdmin
FN:20,grantAdminByEmail
FNF:3
FNH:3
FNDA:2,getUserRole
FNDA:1,isUserAdmin
FNDA:1,grantAdminByEmail
DA:8,2
DA:13,2
DA:17,1
DA:21,1
DA:22,1
DA:23,1
DA:28,1
LF:7
LH:7
BRDA:13,0,0,1
BRDA:13,0,1,1
BRDA:22,1,0,0
BRDA:22,1,1,1
BRF:4
BRH:3
end_of_record
TN:
SF:src/lib/server/billing/context.ts
FN:14,resolveTenantUserId
FN:18,resolveBillingUserId
FNF:2
FNH:2
FNDA:10,resolveTenantUserId
FNDA:81,resolveBillingUserId
DA:6,34
DA:12,34
DA:15,10
DA:19,81
LF:4
LH:4
BRDA:15,0,0,10
BRDA:15,0,1,8
BRDA:19,1,0,81
BRDA:19,1,1,79
BRF:4
BRH:4
end_of_record
TN:
SF:src/lib/server/billing/credits.ts
FN:13,assertIntegerCredits
FN:20,usdToCredits
FN:28,microUsdToWholeCredits
FN:34,creditsToPayPalUsdAmount
FN:42,formatEigenCredits
FNF:5
FNH:5
FNDA:4,assertIntegerCredits
FNDA:2,usdToCredits
FNDA:4,microUsdToWholeCredits
FNDA:1,creditsToPayPalUsdAmount
FNDA:5,formatEigenCredits
DA:2,18
DA:5,18
DA:8,18
DA:11,18
DA:14,4
DA:15,0
DA:21,2
DA:22,0
DA:24,2
DA:29,4
DA:30,4
DA:35,1
DA:36,0
DA:38,1
DA:43,5
DA:44,0
DA:46,5
LF:17
LH:13
BRDA:13,0,0,4
BRDA:14,1,0,0
BRDA:14,1,1,4
BRDA:14,2,0,4
BRDA:14,2,1,4
BRDA:21,3,0,0
BRDA:21,3,1,2
BRDA:21,4,0,2
BRDA:21,4,1,2
BRDA:35,5,0,0
BRDA:35,5,1,1
BRDA:35,6,0,1
BRDA:35,6,1,1
BRDA:43,7,0,0
BRDA:43,7,1,5
BRF:15
BRH:11
end_of_record
TN:
SF:src/lib/server/billing/insufficient-credits.ts
FN:15,insufficientCreditsPayload
FN:26,isInsufficientCreditsError
FN:30,billingErrorHttpStatus
FN:34,billingErrorJsonBody
FNF:4
FNH:3
FNDA:0,insufficientCreditsPayload
FNDA:11,isInsufficientCreditsError
FNDA:5,billingErrorHttpStatus
FNDA:5,billingErrorJsonBody
DA:4,2
DA:16,0
DA:27,11
DA:31,5
DA:38,5
DA:39,0
DA:41,5
DA:42,5
LF:8
LH:6
BRDA:19,0,0,0
BRDA:19,0,1,0
BRDA:20,1,0,0
BRDA:20,1,1,0
BRDA:27,2,0,11
BRDA:27,2,1,5
BRDA:31,3,0,0
BRDA:31,3,1,5
BRDA:38,4,0,0
BRDA:38,4,1,5
BRDA:41,5,0,2
BRDA:41,5,1,3
BRF:12
BRH:6
end_of_record
TN:
SF:src/lib/server/billing/money.ts
FN:7,usdStringToCents
FN:16,baseUsdToBilledCents
FN:22,baseUsdToTotalMicroUsd
FN:29,microUsdToWholeCents
FN:39,formatCents
FN:46,normalizeCurrencyCode
FN:58,centsToPayPalAmountValue
FNF:7
FNH:6
FNDA:4,usdStringToCents
FNDA:1,baseUsdToBilledCents
FNDA:2,baseUsdToTotalMicroUsd
FNDA:3,microUsdToWholeCents
FNDA:0,formatCents
FNDA:1,normalizeCurrencyCode
FNDA:1,centsToPayPalAmountValue
DA:4,10
DA:8,4
DA:9,4
DA:10,0
DA:12,4
DA:17,1
DA:18,1
DA:23,2
DA:24,2
DA:25,2
DA:30,3
DA:31,0
DA:33,3
DA:40,0
DA:41,0
DA:44,10
DA:47,1
DA:48,1
DA:49,0
DA:51,1
DA:52,0
DA:54,1
DA:59,1
DA:60,0
DA:62,1
LF:25
LH:18
BRDA:9,0,0,0
BRDA:9,0,1,4
BRDA:9,1,0,4
BRDA:9,1,1,4
BRDA:23,2,0,0
BRDA:23,2,1,2
BRDA:30,3,0,0
BRDA:30,3,1,3
BRDA:30,4,0,3
BRDA:30,4,1,3
BRDA:48,5,0,0
BRDA:48,5,1,1
BRDA:51,6,0,0
BRDA:51,6,1,1
BRDA:59,7,0,0
BRDA:59,7,1,1
BRDA:59,8,0,1
BRDA:59,8,1,1
BRF:18
BRH:12
end_of_record
TN:
SF:src/lib/server/billing/paypal.ts
FN:10,getPayPalApiBase
FN:32,getPayPalClientId
FN:40,getPayPalClientSecret
FN:55,getPayPalWebSdkUrl
FN:61,(anonymous_4)
FN:75,getAccessToken
FN:106,paypalFetch
FN:134,createPayPalOrder
FN:166,capturePayPalOrder
FN:209,getPayPalOrderCurrency
FNF:10
FNH:0
FNDA:0,getPayPalApiBase
FNDA:0,getPayPalClientId
FNDA:0,getPayPalClientSecret
FNDA:0,getPayPalWebSdkUrl
FNDA:0,(anonymous_4)
FNDA:0,getAccessToken
FNDA:0,paypalFetch
FNDA:0,createPayPalOrder
FNDA:0,capturePayPalOrder
FNDA:0,getPayPalOrderCurrency
DA:4,0
DA:8,0
DA:14,0
DA:15,0
DA:16,0
DA:18,0
DA:19,0
DA:21,0
DA:25,0
DA:29,0
DA:33,0
DA:34,0
DA:35,0
DA:37,0
DA:44,0
DA:45,0
DA:46,0
DA:48,0
DA:52,0
DA:53,0
DA:56,0
DA:57,0
DA:58,0
DA:61,0
DA:62,0
DA:63,0
DA:65,0
DA:66,0
DA:69,0
DA:71,0
DA:72,0
DA:76,0
DA:77,0
DA:78,0
DA:81,0
DA:82,0
DA:83,0
DA:91,0
DA:92,0
DA:93,0
DA:95,0
DA:96,0
DA:97,0
DA:99,0
DA:103,0
DA:107,0
DA:108,0
DA:116,0
DA:118,0
DA:119,0
DA:121,0
DA:123,0
DA:124,0
DA:126,0
DA:135,0
DA:136,0
DA:147,0
DA:151,0
DA:152,0
DA:154,0
DA:167,0
DA:171,0
DA:172,0
DA:173,0
DA:174,0
DA:175,0
DA:177,0
DA:181,0
DA:182,0
DA:183,0
DA:185,0
DA:186,0
DA:187,0
DA:188,0
DA:189,0
DA:192,0
DA:194,0
DA:198,0
DA:210,0
DA:215,0
DA:216,0
LF:81
LH:0
BRDA:14,0,0,0
BRDA:14,0,1,0
BRDA:15,1,0,0
BRDA:15,1,1,0
BRDA:21,2,0,0
BRDA:21,2,1,0
BRDA:21,3,0,0
BRDA:21,3,1,0
BRDA:21,3,2,0
BRDA:34,4,0,0
BRDA:34,4,1,0
BRDA:44,5,0,0
BRDA:44,5,1,0
BRDA:45,6,0,0
BRDA:45,6,1,0
BRDA:57,7,0,0
BRDA:57,7,1,0
BRDA:61,8,0,0
BRDA:61,8,1,0
BRDA:62,9,0,0
BRDA:62,9,1,0
BRDA:65,10,0,0
BRDA:65,10,1,0
BRDA:71,11,0,0
BRDA:71,11,1,0
BRDA:71,11,2,0
BRDA:72,12,0,0
BRDA:72,12,1,0
BRDA:77,13,0,0
BRDA:77,13,1,0
BRDA:77,14,0,0
BRDA:77,14,1,0
BRDA:92,15,0,0
BRDA:92,15,1,0
BRDA:96,16,0,0
BRDA:96,16,1,0
BRDA:101,17,0,0
BRDA:101,17,1,0
BRDA:113,18,0,0
BRDA:113,18,1,0
BRDA:123,19,0,0
BRDA:123,19,1,0
BRDA:151,20,0,0
BRDA:151,20,1,0
BRDA:154,21,0,0
BRDA:154,21,1,0
BRDA:171,22,0,0
BRDA:171,22,1,0
BRDA:173,23,0,0
BRDA:173,23,1,0
BRDA:174,24,0,0
BRDA:174,24,1,0
BRDA:174,25,0,0
BRDA:174,25,1,0
BRDA:175,26,0,0
BRDA:175,26,1,0
BRDA:175,27,0,0
BRDA:175,27,1,0
BRDA:175,27,2,0
BRDA:177,28,0,0
BRDA:177,28,1,0
BRDA:177,29,0,0
BRDA:177,29,1,0
BRDA:181,30,0,0
BRDA:181,30,1,0
BRDA:182,31,0,0
BRDA:182,31,1,0
BRDA:185,32,0,0
BRDA:185,32,1,0
BRDA:188,33,0,0
BRDA:188,33,1,0
BRDA:188,34,0,0
BRDA:188,34,1,0
BRDA:194,35,0,0
BRDA:194,35,1,0
BRDA:194,36,0,0
BRDA:194,36,1,0
BRDA:194,36,2,0
BRDA:199,37,0,0
BRDA:199,37,1,0
BRDA:216,38,0,0
BRDA:216,38,1,0
BRF:82
BRH:0
end_of_record
TN:
SF:src/lib/server/billing/platform-llm.ts
FN:12,loadPlatformLlmConfig
FN:13,(anonymous_1)
FN:70,loadPlatformOpenRouterSttConfig
FNF:3
FNH:3
FNDA:12,loadPlatformLlmConfig
FNDA:12,(anonymous_1)
FNDA:15,loadPlatformOpenRouterSttConfig
DA:13,12
DA:14,12
DA:20,12
DA:22,12
DA:23,3
DA:24,3
DA:25,3
DA:26,0
DA:28,3
DA:29,1
DA:31,2
DA:42,9
DA:43,12
DA:44,12
DA:45,0
DA:47,9
DA:48,2
DA:50,7
DA:51,12
DA:52,12
DA:53,12
DA:59,12
DA:71,15
DA:72,15
DA:73,15
DA:74,0
DA:76,15
DA:77,2
DA:79,13
LF:29
LH:26
BRDA:20,0,0,12
BRDA:20,0,1,9
BRDA:22,1,0,3
BRDA:22,1,1,9
BRDA:25,2,0,0
BRDA:25,2,1,3
BRDA:28,3,0,1
BRDA:28,3,1,2
BRDA:37,4,0,2
BRDA:37,4,1,0
BRDA:38,5,0,3
BRDA:38,5,1,1
BRDA:44,6,0,0
BRDA:44,6,1,12
BRDA:47,7,0,2
BRDA:47,7,1,7
BRDA:50,8,0,7
BRDA:50,8,1,0
BRDA:51,9,0,12
BRDA:51,9,1,0
BRDA:73,10,0,0
BRDA:73,10,1,15
BRDA:76,11,0,2
BRDA:76,11,1,13
BRF:24
BRH:18
end_of_record
TN:
SF:src/lib/server/billing/preferences.ts
FN:12,getBillingPreferences
FN:13,(anonymous_1)
FN:30,isByokBilling
FN:36,hasSavedByokLlmCredentials
FN:37,(anonymous_4)
FN:49,(anonymous_5)
FN:60,(anonymous_6)
FN:65,resolveCheckoutCurrency
FN:75,assertByokConfigured
FNF:9
FNH:0
FNDA:0,getBillingPreferences
FNDA:0,(anonymous_1)
FNDA:0,isByokBilling
FNDA:0,hasSavedByokLlmCredentials
FNDA:0,(anonymous_4)
FNDA:0,(anonymous_5)
FNDA:0,(anonymous_6)
FNDA:0,resolveCheckoutCurrency
FNDA:0,assertByokConfigured
DA:13,0
DA:14,0
DA:23,0
DA:31,0
DA:32,0
DA:37,0
DA:38,0
DA:48,0
DA:50,0
DA:60,0
DA:69,0
DA:70,0
DA:72,0
DA:76,0
DA:77,0
DA:78,0
LF:16
LH:0
BRDA:24,0,0,0
BRDA:24,0,1,0
BRDA:25,1,0,0
BRDA:25,1,1,0
BRDA:50,2,0,0
BRDA:50,2,1,0
BRDA:57,3,0,0
BRDA:57,3,1,0
BRDA:60,4,0,0
BRDA:60,4,1,0
BRDA:69,5,0,0
BRDA:69,5,1,0
BRDA:77,6,0,0
BRDA:77,6,1,0
BRF:14
BRH:0
end_of_record
TN:
SF:src/lib/server/billing/usage-gate.ts
FN:15,billedMicroUsdFromBaseUsd
FN:20,assertCapturePipelineAffordable
FN:28,withPlatformBilling
FNF:3
FNH:2
FNDA:2,billedMicroUsdFromBaseUsd
FNDA:2,assertCapturePipelineAffordable
FNDA:0,withPlatformBilling
DA:16,2
DA:17,1
DA:21,2
DA:22,2
DA:23,0
DA:25,2
DA:33,0
DA:34,0
DA:35,0
DA:38,0
DA:40,0
DA:41,0
DA:42,0
DA:43,0
DA:44,0
LF:15
LH:5
BRDA:16,0,0,1
BRDA:16,0,1,1
BRDA:22,1,0,0
BRDA:22,1,1,2
BRDA:34,2,0,0
BRDA:34,2,1,0
BRF:6
BRH:3
end_of_record
TN:
SF:src/lib/server/billing/wallet.ts
FN:33,(anonymous_0)
FN:45,buildInsufficientCreditsMessage
FN:65,rowToSnapshot
FN:84,getWalletSnapshot
FN:98,getOrCreateWallet
FN:99,(anonymous_5)
FN:128,alignWalletCurrencyWithPreference
FN:135,insertLedger
FN:157,reserveFunds
FN:163,(anonymous_9)
FN:206,releaseReservation
FN:212,(anonymous_11)
FN:243,chargePlatformUsageMicroUsd
FN:253,(anonymous_13)
FN:254,(anonymous_14)
FN:305,settleReservationWithMicroCharge
FN:317,(anonymous_16)
FN:380,settleReservation
FN:395,(anonymous_18)
FN:438,creditFromPayment
FN:449,(anonymous_20)
FN:508,getOrCreateWalletInTx
FN:529,listRecentLedger
FN:538,listRecentPayments
FN:547,assertHasPlatformCredits
FN:559,assertCanAfford
FNF:26
FNH:2
FNDA:2,(anonymous_0)
FNDA:2,buildInsufficientCreditsMessage
FNDA:0,rowToSnapshot
FNDA:0,getWalletSnapshot
FNDA:0,getOrCreateWallet
FNDA:0,(anonymous_5)
FNDA:0,alignWalletCurrencyWithPreference
FNDA:0,insertLedger
FNDA:0,reserveFunds
FNDA:0,(anonymous_9)
FNDA:0,releaseReservation
FNDA:0,(anonymous_11)
FNDA:0,chargePlatformUsageMicroUsd
FNDA:0,(anonymous_13)
FNDA:0,(anonymous_14)
FNDA:0,settleReservationWithMicroCharge
FNDA:0,(anonymous_16)
FNDA:0,settleReservation
FNDA:0,(anonymous_18)
FNDA:0,creditFromPayment
FNDA:0,(anonymous_20)
FNDA:0,getOrCreateWalletInTx
FNDA:0,listRecentLedger
FNDA:0,listRecentPayments
FNDA:0,assertHasPlatformCredits
FNDA:0,assertCanAfford
DA:16,8
DA:34,2
DA:35,2
DA:36,2
DA:37,2
DA:38,2
DA:39,2
DA:40,2
DA:41,2
DA:46,2
DA:47,2
DA:52,2
DA:53,2
DA:54,2
DA:55,1
DA:57,1
DA:59,0
DA:60,0
DA:62,0
DA:70,0
DA:85,0
DA:94,0
DA:99,0
DA:100,0
DA:111,0
DA:120,0
DA:121,0
DA:123,0
DA:132,0
DA:146,0
DA:158,0
DA:159,0
DA:162,0
DA:163,0
DA:164,0
DA:170,0
DA:171,0
DA:173,0
DA:174,0
DA:181,0
DA:190,0
DA:202,0
DA:211,0
DA:212,0
DA:213,0
DA:218,0
DA:220,0
DA:229,0
DA:248,0
DA:249,0
DA:251,0
DA:253,0
DA:254,0
DA:255,0
DA:260,0
DA:261,0
DA:264,0
DA:265,0
DA:266,0
DA:268,0
DA:270,0
DA:273,0
DA:281,0
DA:290,0
DA:291,0
DA:300,0
DA:312,0
DA:313,0
DA:316,0
DA:317,0
DA:318,0
DA:323,0
DA:325,0
DA:326,0
DA:327,0
DA:328,0
DA:330,0
DA:332,0
DA:335,0
DA:343,0
DA:353,0
DA:354,0
DA:364,0
DA:365,0
DA:375,0
DA:387,0
DA:388,0
DA:390,0
DA:391,0
DA:394,0
DA:395,0
DA:396,0
DA:401,0
DA:403,0
DA:404,0
DA:413,0
DA:414,0
DA:424,0
DA:425,0
DA:444,0
DA:445,0
DA:446,0
DA:449,0
DA:450,0
DA:456,0
DA:457,0
DA:459,0
DA:460,0
DA:461,0
DA:464,0
DA:465,0
DA:470,0
DA:476,0
DA:477,0
DA:480,0
DA:481,0
DA:486,0
DA:495,0
DA:504,0
DA:512,0
DA:522,0
DA:523,0
DA:524,0
DA:526,0
DA:530,0
DA:539,0
DA:548,0
DA:549,0
DA:550,0
DA:556,0
DA:560,0
DA:561,0
DA:562,0
LF:133
LH:16
BRDA:34,0,0,0
BRDA:34,0,1,2
BRDA:34,1,0,2
BRDA:34,1,1,0
BRDA:35,2,0,2
BRDA:35,2,1,0
BRDA:36,3,0,2
BRDA:36,3,1,2
BRDA:47,4,0,2
BRDA:47,4,1,0
BRDA:48,5,0,2
BRDA:48,5,1,2
BRDA:48,5,2,2
BRDA:54,6,0,1
BRDA:54,6,1,1
BRDA:54,7,0,2
BRDA:54,7,1,1
BRDA:54,7,2,1
BRDA:59,8,0,0
BRDA:59,8,1,0
BRDA:94,9,0,0
BRDA:94,9,1,0
BRDA:120,10,0,0
BRDA:120,10,1,0
BRDA:151,11,0,0
BRDA:151,11,1,0
BRDA:152,12,0,0
BRDA:152,12,1,0
BRDA:153,13,0,0
BRDA:153,13,1,0
BRDA:158,14,0,0
BRDA:158,14,1,0
BRDA:158,15,0,0
BRDA:158,15,1,0
BRDA:170,16,0,0
BRDA:170,16,1,0
BRDA:173,17,0,0
BRDA:173,17,1,0
BRDA:218,18,0,0
BRDA:218,18,1,0
BRDA:248,19,0,0
BRDA:248,19,1,0
BRDA:248,20,0,0
BRDA:248,20,1,0
BRDA:251,21,0,0
BRDA:251,21,1,0
BRDA:260,22,0,0
BRDA:260,22,1,0
BRDA:268,23,0,0
BRDA:268,23,1,0
BRDA:268,24,0,0
BRDA:268,24,1,0
BRDA:270,25,0,0
BRDA:270,25,1,0
BRDA:270,26,0,0
BRDA:270,26,1,0
BRDA:290,27,0,0
BRDA:290,27,1,0
BRDA:312,28,0,0
BRDA:312,28,1,0
BRDA:312,29,0,0
BRDA:312,29,1,0
BRDA:323,30,0,0
BRDA:323,30,1,0
BRDA:330,31,0,0
BRDA:330,31,1,0
BRDA:330,32,0,0
BRDA:330,32,1,0
BRDA:332,33,0,0
BRDA:332,33,1,0
BRDA:332,34,0,0
BRDA:332,34,1,0
BRDA:353,35,0,0
BRDA:353,35,1,0
BRDA:364,36,0,0
BRDA:364,36,1,0
BRDA:387,37,0,0
BRDA:387,37,1,0
BRDA:387,38,0,0
BRDA:387,38,1,0
BRDA:390,39,0,0
BRDA:390,39,1,0
BRDA:401,40,0,0
BRDA:401,40,1,0
BRDA:413,41,0,0
BRDA:413,41,1,0
BRDA:420,42,0,0
BRDA:420,42,1,0
BRDA:424,43,0,0
BRDA:424,43,1,0
BRDA:445,44,0,0
BRDA:445,44,1,0
BRDA:445,45,0,0
BRDA:445,45,1,0
BRDA:456,46,0,0
BRDA:456,46,1,0
BRDA:456,47,0,0
BRDA:456,47,1,0
BRDA:459,48,0,0
BRDA:459,48,1,0
BRDA:464,49,0,0
BRDA:464,49,1,0
BRDA:476,50,0,0
BRDA:476,50,1,0
BRDA:523,51,0,0
BRDA:523,51,1,0
BRDA:529,52,0,0
BRDA:538,53,0,0
BRDA:549,54,0,0
BRDA:549,54,1,0
BRDA:561,55,0,0
BRDA:561,55,1,0
BRF:112
BRH:14
end_of_record
TN:
SF:src/lib/server/capture/apply-thought-edit.ts
FN:20,isCompletionOnlyRequest
FN:27,parseAppliedEditJson
FN:54,applyThoughtEditRequest
FNF:3
FNH:3
FNDA:11,isCompletionOnlyRequest
FNDA:9,parseAppliedEditJson
FNDA:12,applyThoughtEditRequest
DA:15,1
DA:18,1
DA:21,11
DA:22,11
DA:23,11
DA:24,2
DA:28,9
DA:29,9
DA:30,9
DA:32,9
DA:33,9
DA:34,9
DA:35,1
DA:38,6
DA:39,5
DA:40,4
DA:43,6
DA:47,9
DA:61,12
DA:62,12
DA:63,1
DA:66,11
DA:67,2
DA:74,9
DA:98,9
DA:105,9
DA:106,9
DA:107,9
DA:109,3
LF:29
LH:29
BRDA:22,0,0,0
BRDA:22,0,1,11
BRDA:23,1,0,9
BRDA:23,1,1,2
BRDA:30,2,0,1
BRDA:30,2,1,8
BRDA:33,3,0,6
BRDA:33,3,1,1
BRDA:34,4,0,1
BRDA:34,4,1,8
BRDA:38,5,0,1
BRDA:38,5,1,5
BRDA:39,6,0,1
BRDA:39,6,1,4
BRDA:40,7,0,3
BRDA:40,7,1,1
BRDA:43,8,0,5
BRDA:43,8,1,1
BRDA:43,9,0,6
BRDA:43,9,1,5
BRDA:62,10,0,1
BRDA:62,10,1,11
BRDA:66,11,0,2
BRDA:66,11,1,9
BRDA:70,12,0,1
BRDA:70,12,1,1
BRDA:110,13,0,2
BRDA:110,13,1,1
BRF:28
BRH:27
end_of_record
TN:
SF:src/lib/server/capture/enrich.ts
FN:59,scheduleEnrichThought
FN:65,(anonymous_1)
FN:67,(anonymous_2)
FN:79,scheduleReenrichThought
FN:85,(anonymous_4)
FN:87,(anonymous_5)
FN:102,enrichThought
FN:135,(anonymous_7)
FN:138,(anonymous_8)
FN:144,(anonymous_9)
FN:164,(anonymous_10)
FN:179,(anonymous_11)
FN:208,(anonymous_12)
FN:245,(anonymous_13)
FN:290,reenrichThought
FNF:15
FNH:15
FNDA:2,scheduleEnrichThought
FNDA:1,(anonymous_1)
FNDA:1,(anonymous_2)
FNDA:3,scheduleReenrichThought
FNDA:1,(anonymous_4)
FNDA:2,(anonymous_5)
FNDA:37,enrichThought
FNDA:37,(anonymous_7)
FNDA:34,(anonymous_8)
FNDA:1,(anonymous_9)
FNDA:37,(anonymous_10)
FNDA:37,(anonymous_11)
FNDA:37,(anonymous_12)
FNDA:1,(anonymous_13)
FNDA:3,reenrichThought
DA:65,2
DA:66,1
DA:68,1
DA:85,3
DA:86,1
DA:88,2
DA:109,37
DA:110,37
DA:114,37
DA:115,37
DA:120,2
DA:128,37
DA:133,37
DA:136,37
DA:137,37
DA:138,34
DA:139,34
DA:142,34
DA:143,1
DA:144,1
DA:153,34
DA:154,1
DA:165,37
DA:171,37
DA:172,3
DA:180,37
DA:181,36
DA:192,37
DA:197,37
DA:199,37
DA:208,37
DA:211,37
DA:212,37
DA:213,37
DA:215,37
DA:216,148
DA:217,148
DA:218,10
DA:219,10
DA:223,10
DA:224,4
DA:225,4
DA:230,2
DA:240,37
DA:241,4
DA:242,4
DA:245,1
DA:248,2
DA:256,37
DA:257,27
DA:258,27
DA:264,2
DA:270,27
DA:271,27
DA:276,2
DA:282,27
DA:296,3
DA:297,3
LF:58
LH:58
BRDA:71,0,0,0
BRDA:71,0,1,1
BRDA:91,1,0,1
BRDA:91,1,1,1
BRDA:109,2,0,37
BRDA:109,2,1,30
BRDA:122,3,0,1
BRDA:122,3,1,1
BRDA:142,4,0,1
BRDA:142,4,1,33
BRDA:171,5,0,3
BRDA:171,5,1,34
BRDA:171,6,0,37
BRDA:171,6,1,4
BRDA:185,7,0,31
BRDA:185,7,1,5
BRDA:197,8,0,37
BRDA:197,8,1,1
BRDA:217,9,0,10
BRDA:217,9,1,138
BRDA:221,10,0,7
BRDA:221,10,1,3
BRDA:223,11,0,4
BRDA:223,11,1,6
BRDA:232,12,0,1
BRDA:232,12,1,1
BRDA:240,13,0,4
BRDA:240,13,1,33
BRDA:250,14,0,1
BRDA:250,14,1,1
BRDA:256,15,0,27
BRDA:256,15,1,10
BRDA:266,16,0,0
BRDA:266,16,1,2
BRDA:278,17,0,1
BRDA:278,17,1,1
BRF:36
BRH:34
end_of_record
TN:
SF:src/lib/server/capture/service.ts
FN:29,normalizeThoughtText
FN:37,toPgVectorLiteral
FN:46,emitProgress
FN:57,decryptThoughtRow
FN:107,captureThought
FN:174,(anonymous_5)
FN:186,(anonymous_6)
FN:219,(anonymous_7)
FN:287,editStoredThought
FN:462,relinkThoughtGraph
FN:515,deleteThoughtForUser
FN:535,decryptThoughtSnippetRow
FN:552,listThoughts
FN:588,(anonymous_13)
FN:620,(anonymous_14)
FNF:15
FNH:15
FNDA:14,normalizeThoughtText
FNDA:23,toPgVectorLiteral
FNDA:90,emitProgress
FNDA:25,decryptThoughtRow
FNDA:10,captureThought
FNDA:10,(anonymous_5)
FNDA:2,(anonymous_6)
FNDA:10,(anonymous_7)
FNDA:7,editStoredThought
FNDA:3,relinkThoughtGraph
FNDA:2,deleteThoughtForUser
FNDA:2,decryptThoughtSnippetRow
FNDA:5,listThoughts
FNDA:2,(anonymous_13)
FNDA:1,(anonymous_14)
DA:30,14
DA:31,14
DA:38,23
DA:50,90
DA:65,25
DA:91,25
DA:108,10
DA:109,10
DA:110,10
DA:111,10
DA:112,10
DA:117,10
DA:118,10
DA:119,10
DA:125,10
DA:126,10
DA:136,10
DA:137,10
DA:141,10
DA:142,10
DA:143,10
DA:145,10
DA:157,10
DA:174,10
DA:187,2
DA:190,2
DA:194,10
DA:195,10
DA:197,10
DA:198,1
DA:203,1
DA:208,10
DA:218,10
DA:219,10
DA:220,10
DA:247,10
DA:249,10
DA:252,10
DA:253,10
DA:260,10
DA:264,10
DA:266,10
DA:274,10
DA:275,1
DA:277,9
DA:280,10
DA:293,7
DA:294,7
DA:295,7
DA:297,7
DA:303,7
DA:304,1
DA:307,6
DA:308,6
DA:316,6
DA:317,7
DA:318,7
DA:319,7
DA:320,7
DA:322,7
DA:330,7
DA:331,3
DA:332,3
DA:358,3
DA:359,3
DA:365,3
DA:372,3
DA:373,3
DA:375,3
DA:380,3
DA:387,3
DA:388,3
DA:389,3
DA:390,3
DA:401,3
DA:402,3
DA:431,3
DA:433,3
DA:434,3
DA:440,3
DA:441,1
DA:446,2
DA:451,3
DA:467,3
DA:468,3
DA:469,3
DA:471,3
DA:477,3
DA:478,1
DA:481,2
DA:484,2
DA:485,2
DA:491,2
DA:492,1
DA:494,1
DA:497,2
DA:516,2
DA:518,2
DA:524,2
DA:525,1
DA:528,1
DA:530,1
DA:532,1
DA:541,2
DA:549,2
DA:560,5
DA:561,5
DA:562,5
DA:564,5
DA:565,2
DA:588,2
DA:591,3
DA:620,3
LF:113
LH:113
BRDA:66,0,0,4
BRDA:66,0,1,21
BRDA:74,1,0,4
BRDA:74,1,1,21
BRDA:82,2,0,6
BRDA:82,2,1,19
BRDA:89,3,0,19
BRDA:89,3,1,1
BRDA:123,4,0,1
BRDA:123,4,1,9
BRDA:131,5,0,1
BRDA:131,5,1,9
BRDA:188,6,0,1
BRDA:188,6,1,1
BRDA:197,7,0,1
BRDA:197,7,1,9
BRDA:197,8,0,10
BRDA:197,8,1,2
BRDA:197,8,2,2
BRDA:214,9,0,1
BRDA:214,9,1,9
BRDA:264,10,0,10
BRDA:264,10,1,1
BRDA:271,11,0,1
BRDA:271,11,1,9
BRDA:274,12,0,1
BRDA:274,12,1,9
BRDA:303,13,0,1
BRDA:303,13,1,6
BRDA:316,14,0,6
BRDA:316,14,1,1
BRDA:319,15,0,2
BRDA:319,15,1,4
BRDA:320,16,0,7
BRDA:320,16,1,3
BRDA:327,17,0,3
BRDA:327,17,1,3
BRDA:330,18,0,3
BRDA:330,18,1,4
BRDA:440,19,0,1
BRDA:440,19,1,2
BRDA:477,20,0,1
BRDA:477,20,1,2
BRDA:491,21,0,1
BRDA:491,21,1,1
BRDA:524,22,0,1
BRDA:524,22,1,1
BRDA:541,23,0,1
BRDA:541,23,1,1
BRDA:560,24,0,5
BRDA:560,24,1,2
BRDA:561,25,0,5
BRDA:561,25,1,3
BRDA:564,26,0,2
BRDA:564,26,1,3
BRDA:578,27,0,1
BRDA:578,27,1,1
BRDA:610,28,0,1
BRDA:610,28,1,2
BRF:59
BRH:59
end_of_record
TN:
SF:src/lib/server/crypto/envelope.ts
FN:13,encodeBase64
FN:17,decodeBase64
FN:21,encryptEnvelope
FN:39,decryptEnvelope
FNF:4
FNH:4
FNDA:6,encodeBase64
FNDA:6,decodeBase64
FNDA:2,encryptEnvelope
FNDA:2,decryptEnvelope
DA:3,11
DA:4,11
DA:14,6
DA:18,6
DA:22,2
DA:23,0
DA:25,2
DA:26,2
DA:27,2
DA:28,2
DA:29,2
DA:30,2
DA:36,2
DA:40,2
DA:41,0
DA:43,2
DA:44,2
DA:45,0
DA:47,2
DA:48,2
DA:49,2
DA:50,2
DA:54,2
LF:23
LH:20
BRDA:22,0,0,0
BRDA:22,0,1,2
BRDA:40,1,0,0
BRDA:40,1,1,2
BRDA:44,2,0,0
BRDA:44,2,1,2
BRDA:44,3,0,2
BRDA:44,3,1,2
BRDA:44,3,2,2
BRDA:44,3,3,2
BRF:10
BRH:7
end_of_record
TN:
SF:src/lib/server/crypto/kms.ts
FN:7,deriveLocalMasterKey
FN:15,wrapDek
FN:19,unwrapDek
FN:24,getKekProvider
FN:28,getKekKeyId
FNF:5
FNH:0
FNDA:0,deriveLocalMasterKey
FNDA:0,wrapDek
FNDA:0,unwrapDek
FNDA:0,getKekProvider
FNDA:0,getKekKeyId
DA:8,0
DA:9,0
DA:10,0
DA:12,0
DA:16,0
DA:20,0
DA:21,0
DA:25,0
DA:29,0
LF:9
LH:0
BRDA:9,0,0,0
BRDA:9,0,1,0
BRF:2
BRH:0
end_of_record
TN:
SF:src/lib/server/crypto/repair-thought-encryption.ts
FN:6,isDecryptAuthFailure
FN:15,repairThoughtEncryptionFromPlaintext
FNF:2
FNH:2
FNDA:1,isDecryptAuthFailure
FNDA:1,repairThoughtEncryptionFromPlaintext
DA:7,1
DA:8,1
DA:19,1
DA:20,1
DA:34,1
DA:37,1
DA:40,1
DA:42,1
DA:43,1
DA:44,1
DA:51,0
DA:53,1
DA:56,1
DA:57,0
DA:60,1
DA:61,1
DA:72,1
DA:77,1
LF:18
LH:16
BRDA:7,0,0,1
BRDA:7,0,1,0
BRDA:8,1,0,1
BRDA:8,1,1,0
BRDA:34,2,0,0
BRDA:34,2,1,1
BRDA:37,3,0,1
BRDA:37,3,1,0
BRDA:37,3,2,0
BRDA:40,4,0,0
BRDA:40,4,1,1
BRDA:43,5,0,1
BRDA:43,5,1,0
BRDA:53,6,0,0
BRDA:53,6,1,1
BRDA:56,7,0,0
BRDA:56,7,1,1
BRDA:56,8,0,1
BRDA:56,8,1,0
BRDA:60,9,0,1
BRDA:60,9,1,0
BRF:21
BRH:10
end_of_record
TN:
SF:src/lib/server/crypto/rotation.ts
FN:7,rotateTenantEncryptedThoughtData
FNF:1
FNH:0
FNDA:0,rotateTenantEncryptedThoughtData
DA:8,0
DA:21,0
DA:22,0
DA:23,0
DA:24,0
DA:25,0
DA:51,0
DA:66,0
DA:70,0
DA:72,0
LF:10
LH:0
BRDA:24,0,0,0
BRDA:24,0,1,0
BRDA:24,1,0,0
BRDA:24,1,1,0
BRDA:24,1,2,0
BRDA:26,2,0,0
BRDA:26,2,1,0
BRDA:34,3,0,0
BRDA:34,3,1,0
BRDA:42,4,0,0
BRDA:42,4,1,0
BRDA:49,5,0,0
BRDA:49,5,1,0
BRF:13
BRH:0
end_of_record
TN:
SF:src/lib/server/crypto/tenant-encryption.ts
FN:4,aadFor
FN:8,encryptTenantValue
FN:18,decryptTenantValue
FNF:3
FNH:0
FNDA:0,aadFor
FNDA:0,encryptTenantValue
FNDA:0,decryptTenantValue
DA:5,0
DA:14,0
DA:15,0
DA:24,0
DA:25,0
LF:5
LH:0
BRF:0
BRH:0
end_of_record
TN:
SF:src/lib/server/crypto/tenant-keys.ts
FN:12,cacheKey
FN:18,loadTenantDekFromRow
FN:33,getOrCreateTenantDekInner
FN:69,getOrCreateTenantDek
FN:74,(anonymous_4)
FN:83,rotateTenantDek
FNF:6
FNH:0
FNDA:0,cacheKey
FNDA:0,loadTenantDekFromRow
FNDA:0,getOrCreateTenantDekInner
FNDA:0,getOrCreateTenantDek
FNDA:0,(anonymous_4)
FNDA:0,rotateTenantDek
DA:7,10
DA:8,10
DA:10,10
DA:13,0
DA:22,0
DA:23,0
DA:24,0
DA:25,0
DA:26,0
DA:28,0
DA:29,0
DA:30,0
DA:34,0
DA:40,0
DA:41,0
DA:44,0
DA:45,0
DA:46,0
DA:47,0
DA:58,0
DA:63,0
DA:64,0
DA:66,0
DA:70,0
DA:71,0
DA:72,0
DA:73,0
DA:74,0
DA:75,0
DA:76,0
DA:80,0
DA:84,0
DA:89,0
DA:90,0
DA:91,0
DA:93,0
DA:94,0
DA:95,0
DA:96,0
DA:106,0
DA:110,0
LF:41
LH:3
BRDA:25,0,0,0
BRDA:25,0,1,0
BRDA:25,1,0,0
BRDA:25,1,1,0
BRDA:40,2,0,0
BRDA:40,2,1,0
BRDA:63,3,0,0
BRDA:63,3,1,0
BRDA:71,4,0,0
BRDA:71,4,1,0
BRDA:75,5,0,0
BRDA:75,5,1,0
BRDA:89,6,0,0
BRDA:89,6,1,0
BRF:14
BRH:0
end_of_record
TN:
SF:src/lib/server/db/auth-db.ts
FN:11,closeAuthDbPool
FNF:1
FNH:1
FNDA:1,closeAuthDbPool
DA:7,1
DA:9,1
DA:12,1
LF:3
LH:3
BRF:0
BRH:0
end_of_record
TN:
SF:src/lib/server/db/context.ts
FN:9,getDb
FNF:1
FNH:1
FNDA:2,getDb
DA:7,22
DA:10,2
DA:11,2
DA:12,1
DA:14,1
LF:5
LH:5
BRDA:11,0,0,1
BRDA:11,0,1,1
BRF:2
BRH:2
end_of_record
TN:
SF:src/lib/server/db/index.ts
FN:16,withDbUser
FN:21,(anonymous_1)
FN:21,(anonymous_2)
FN:23,(anonymous_3)
FN:46,poolMax
FN:58,closeAppDbPool
FN:70,attachReservedBeginIfMissing
FN:77,(anonymous_7)
FN:100,(anonymous_8)
FN:147,createScopedDrizzle
FNF:10
FNH:9
FNDA:1,withDbUser
FNDA:1,(anonymous_1)
FNDA:1,(anonymous_2)
FNDA:0,(anonymous_3)
FNDA:15,poolMax
FNDA:1,closeAppDbPool
FNDA:10,attachReservedBeginIfMissing
FNDA:7,(anonymous_7)
FNDA:3,(anonymous_8)
FNDA:10,createScopedDrizzle
DA:17,1
DA:18,1
DA:19,1
DA:20,1
DA:21,1
DA:23,1
DA:24,1
DA:47,15
DA:48,15
DA:49,1
DA:50,1
DA:51,1
DA:53,0
DA:56,15
DA:59,1
DA:71,10
DA:75,10
DA:77,9
DA:81,7
DA:83,7
DA:84,5
DA:86,2
DA:87,2
DA:88,1
DA:90,1
DA:94,6
DA:96,7
DA:98,6
DA:100,6
DA:106,3
DA:107,1
DA:108,1
DA:109,2
DA:110,1
DA:111,1
DA:113,1
DA:116,2
DA:117,3
DA:118,2
DA:119,2
DA:120,1
DA:121,1
DA:123,1
DA:124,1
DA:128,6
DA:130,6
DA:131,6
DA:132,3
DA:133,3
DA:135,3
DA:136,3
DA:138,6
DA:148,10
DA:151,10
DA:152,10
LF:55
LH:54
BRDA:47,0,0,15
BRDA:47,0,1,14
BRDA:47,1,0,15
BRDA:47,1,1,0
BRDA:48,2,0,14
BRDA:48,2,1,1
BRDA:50,3,0,1
BRDA:50,3,1,0
BRDA:50,4,0,1
BRDA:50,4,1,0
BRDA:50,4,2,0
BRDA:75,5,0,1
BRDA:75,5,1,9
BRDA:83,6,0,5
BRDA:83,6,1,2
BRDA:86,7,0,2
BRDA:86,7,1,0
BRDA:87,8,0,1
BRDA:87,8,1,1
BRDA:94,9,0,5
BRDA:94,9,1,1
BRDA:106,10,0,1
BRDA:106,10,1,2
BRDA:109,11,0,1
BRDA:109,11,1,1
BRDA:116,12,0,1
BRDA:116,12,1,1
BRF:27
BRH:22
end_of_record
TN:
SF:src/lib/server/db/runtime-url.ts
FN:4,getRuntimeDatabaseUrl
FNF:1
FNH:1
FNDA:19,getRuntimeDatabaseUrl
DA:5,19
DA:6,19
DA:7,18
DA:8,18
DA:9,18
DA:10,18
DA:12,1
LF:7
LH:7
BRDA:6,0,0,1
BRDA:6,0,1,18
BRF:2
BRH:2
end_of_record
TN:
SF:src/lib/server/db/schema.ts
FNF:0
FNH:0
DA:3,69
LF:1
LH:1
BRF:0
BRH:0
end_of_record
TN:
SF:src/lib/server/db/tenant-session.ts
FN:4,appDbRole
FN:13,quoteIdent
FN:21,activateTenantDbSession
FN:31,deactivateTenantDbSession
FNF:4
FNH:4
FNDA:1,appDbRole
FNDA:1,quoteIdent
FNDA:1,activateTenantDbSession
FNDA:1,deactivateTenantDbSession
DA:5,1
DA:6,1
DA:7,0
DA:8,0
DA:10,0
DA:14,1
DA:25,1
DA:26,1
DA:27,1
DA:32,1
DA:33,1
LF:11
LH:8
BRDA:6,0,0,1
BRDA:6,0,1,0
BRDA:7,1,0,0
BRDA:7,1,1,0
BRF:4
BRH:1
end_of_record
TN:
SF:src/lib/server/ingest/retry.ts
FN:10,isRetryExhaustedError
FN:14,runIngestWithRetries
FNF:2
FNH:2
FNDA:2,isRetryExhaustedError
FNDA:4,runIngestWithRetries
DA:6,2
DA:11,2
DA:19,4
DA:20,4
DA:21,13
DA:22,13
DA:24,11
DA:25,11
DA:28,2
DA:31,2
DA:32,2
DA:33,2
LF:12
LH:12
BRDA:11,0,0,2
BRDA:11,0,1,2
BRDA:11,0,2,2
BRDA:16,1,0,4
BRDA:25,2,0,2
BRDA:25,2,1,9
BRF:6
BRH:6
end_of_record
TN:
SF:src/lib/server/linkedin/agent-config.ts
FN:23,validateLinkedInProfileUrl
FN:35,planLinkedInDraft
FNF:2
FNH:2
FNDA:6,validateLinkedInProfileUrl
FNDA:2,planLinkedInDraft
DA:21,2
DA:24,6
DA:25,6
DA:26,0
DA:28,6
DA:29,2
DA:31,4
DA:40,2
DA:41,2
DA:42,2
DA:43,2
DA:44,0
DA:47,2
LF:13
LH:11
BRDA:25,0,0,0
BRDA:25,0,1,6
BRDA:28,1,0,2
BRDA:28,1,1,4
BRDA:41,2,0,2
BRDA:41,2,1,0
BRDA:43,3,0,0
BRDA:43,3,1,2
BRF:8
BRH:5
end_of_record
TN:
SF:src/lib/server/llm/agent-loop.ts
FN:94,extractThinking
FN:102,parseResponse
FN:116,tryParseJson
FN:185,agentChat
FN:193,(anonymous_4)
FN:208,(anonymous_5)
FN:222,(anonymous_6)
FN:328,(anonymous_7)
FN:360,(anonymous_8)
FNF:9
FNH:9
FNDA:37,extractThinking
FNDA:37,parseResponse
FNDA:38,tryParseJson
FNDA:20,agentChat
FNDA:1,(anonymous_4)
FNDA:20,(anonymous_5)
FNDA:188,(anonymous_6)
FNDA:17,(anonymous_7)
FNDA:2,(anonymous_8)
DA:26,1
DA:28,1
DA:30,1
DA:95,37
DA:96,37
DA:97,1
DA:99,36
DA:103,37
DA:104,37
DA:107,37
DA:108,37
DA:109,1
DA:113,37
DA:117,38
DA:118,38
DA:120,2
DA:124,37
DA:127,37
DA:128,2
DA:129,2
DA:130,1
DA:131,1
DA:132,48
DA:133,46
DA:134,2
DA:135,2
DA:136,1
DA:137,1
DA:144,37
DA:145,1
DA:148,1
DA:151,36
DA:152,1
DA:153,1
DA:156,35
DA:158,35
DA:159,22
DA:160,22
DA:168,13
DA:169,12
DA:170,12
DA:173,1
DA:177,1
DA:191,20
DA:194,1
DA:202,20
DA:208,20
DA:209,20
DA:211,20
DA:212,39
DA:214,39
DA:218,39
DA:219,39
DA:222,188
DA:224,39
DA:225,188
DA:227,39
DA:233,39
DA:235,39
DA:237,39
DA:239,39
DA:240,2
DA:241,2
DA:244,37
DA:245,37
DA:247,37
DA:248,1
DA:251,37
DA:252,22
DA:253,22
DA:254,22
DA:255,1
DA:256,1
DA:257,1
DA:261,1
DA:264,21
DA:265,21
DA:267,22
DA:268,22
DA:269,22
DA:271,19
DA:278,3
DA:279,3
DA:280,3
DA:281,2
DA:282,2
DA:283,1
DA:288,1
DA:289,1
DA:290,1
DA:293,1
DA:294,1
DA:299,1
DA:302,1
DA:309,1
DA:310,1
DA:311,1
DA:315,1
DA:320,18
DA:321,18
DA:322,22
DA:327,22
DA:328,17
DA:330,22
DA:338,18
DA:345,1
DA:346,1
DA:347,1
DA:348,1
DA:352,1
DA:355,2
DA:356,2
DA:357,2
DA:358,2
DA:359,2
DA:360,2
DA:362,2
DA:371,19
DA:372,19
DA:376,19
DA:379,15
DA:380,15
DA:383,20
DA:384,20
LF:124
LH:124
BRDA:96,0,0,1
BRDA:96,0,1,36
BRDA:108,1,0,1
BRDA:108,1,1,36
BRDA:127,2,0,2
BRDA:127,2,1,35
BRDA:129,3,0,1
BRDA:129,3,1,1
BRDA:132,4,0,2
BRDA:132,4,1,46
BRDA:133,5,0,2
BRDA:133,5,1,44
BRDA:135,6,0,1
BRDA:135,6,1,1
BRDA:137,7,0,1
BRDA:137,7,1,0
BRDA:144,8,0,1
BRDA:144,8,1,36
BRDA:151,9,0,1
BRDA:151,9,1,35
BRDA:151,10,0,36
BRDA:151,10,1,35
BRDA:158,11,0,22
BRDA:158,11,1,13
BRDA:158,12,0,35
BRDA:158,12,1,22
BRDA:158,12,2,22
BRDA:168,13,0,12
BRDA:168,13,1,1
BRDA:208,14,0,20
BRDA:208,14,1,1
BRDA:216,15,0,4
BRDA:216,15,1,4
BRDA:237,16,0,39
BRDA:237,16,1,1
BRDA:239,17,0,2
BRDA:239,17,1,37
BRDA:247,18,0,1
BRDA:247,18,1,36
BRDA:251,19,0,22
BRDA:251,19,1,15
BRDA:254,20,0,1
BRDA:254,20,1,21
BRDA:271,21,0,3
BRDA:271,21,1,16
BRDA:272,22,0,19
BRDA:272,22,1,3
BRDA:272,22,2,3
BRDA:272,22,3,3
BRDA:272,22,4,3
BRDA:280,23,0,2
BRDA:280,23,1,1
BRDA:282,24,0,1
BRDA:282,24,1,1
BRDA:302,25,0,1
BRDA:302,25,1,1
BRDA:327,26,0,18
BRDA:327,26,1,0
BRDA:327,27,0,22
BRDA:327,27,1,18
BRDA:330,28,0,22
BRDA:330,28,1,18
BRDA:338,29,0,1
BRDA:338,29,1,17
BRDA:339,30,0,18
BRDA:339,30,1,1
BRDA:339,30,2,1
BRDA:339,30,3,1
BRDA:339,30,4,1
BRDA:355,31,0,1
BRDA:355,31,1,1
BRDA:356,32,0,1
BRDA:356,32,1,1
BRDA:359,33,0,2
BRDA:359,33,1,0
BRDA:359,34,0,2
BRDA:359,34,1,2
BRDA:362,35,0,2
BRDA:362,35,1,2
BRF:79
BRH:76
end_of_record
TN:
SF:src/lib/server/llm/agent-tool-result-compact.ts
FN:22,isDeleteIntent
FN:26,snippet
FN:32,asRecord
FN:38,compactThoughtRow
FN:69,compactRetrieveResults
FN:74,(anonymous_5)
FN:92,findUniqueStrongRetrieveMatch
FN:118,compactToolResultForLlm
FN:134,(anonymous_8)
FN:175,capJsonString
FN:180,formatToolResultForAgentMessage
FN:186,formatToolResultPreview
FNF:12
FNH:12
FNDA:29,isDeleteIntent
FNDA:106,snippet
FNDA:201,asRecord
FNDA:97,compactThoughtRow
FNDA:11,compactRetrieveResults
FNDA:53,(anonymous_5)
FNDA:13,findUniqueStrongRetrieveMatch
FNDA:90,compactToolResultForLlm
FNDA:38,(anonymous_8)
FNDA:66,capJsonString
FNDA:25,formatToolResultForAgentMessage
FNDA:41,formatToolResultPreview
DA:9,3
DA:11,3
DA:12,3
DA:13,3
DA:15,3
DA:17,3
DA:20,3
DA:23,29
DA:27,106
DA:28,106
DA:29,50
DA:33,201
DA:40,97
DA:47,97
DA:73,11
DA:74,11
DA:75,53
DA:76,53
DA:77,53
DA:82,11
DA:96,13
DA:98,11
DA:99,11
DA:100,16
DA:101,16
DA:102,14
DA:103,16
DA:104,16
DA:106,11
DA:111,16
DA:114,11
DA:115,7
DA:123,90
DA:124,88
DA:125,88
DA:126,87
DA:127,87
DA:129,85
DA:130,11
DA:133,74
DA:134,51
DA:135,51
DA:142,23
DA:143,2
DA:152,21
DA:153,3
DA:154,3
DA:160,18
DA:161,7
DA:166,7
DA:167,1
DA:169,7
DA:172,11
DA:176,66
DA:177,2
DA:181,25
DA:182,25
DA:183,25
DA:187,41
DA:188,41
DA:189,41
LF:61
LH:61
BRDA:26,0,0,106
BRDA:28,1,0,56
BRDA:28,1,1,50
BRDA:33,2,0,192
BRDA:33,2,1,9
BRDA:33,3,0,201
BRDA:33,3,1,198
BRDA:33,3,2,193
BRDA:40,4,0,85
BRDA:40,4,1,12
BRDA:42,5,0,2
BRDA:42,5,1,10
BRDA:44,6,0,1
BRDA:44,6,1,9
BRDA:48,7,0,90
BRDA:48,7,1,7
BRDA:49,8,0,1
BRDA:49,8,1,96
BRDA:50,9,0,51
BRDA:50,9,1,46
BRDA:51,10,0,88
BRDA:51,10,1,9
BRDA:51,11,0,1
BRDA:51,11,1,8
BRDA:53,12,0,1
BRDA:53,12,1,96
BRDA:55,13,0,2
BRDA:55,13,1,94
BRDA:59,14,0,3
BRDA:59,14,1,94
BRDA:59,15,0,97
BRDA:59,15,1,96
BRDA:59,15,2,95
BRDA:65,16,0,1
BRDA:65,16,1,96
BRDA:75,17,0,53
BRDA:75,17,1,1
BRDA:76,18,0,51
BRDA:76,18,1,2
BRDA:94,19,0,13
BRDA:96,20,0,2
BRDA:96,20,1,11
BRDA:96,21,0,13
BRDA:96,21,1,12
BRDA:101,22,0,2
BRDA:101,22,1,14
BRDA:101,23,0,16
BRDA:101,23,1,15
BRDA:102,24,0,13
BRDA:102,24,1,1
BRDA:104,25,0,3
BRDA:104,25,1,13
BRDA:106,26,0,9
BRDA:106,26,1,2
BRDA:108,27,0,1
BRDA:108,27,1,1
BRDA:114,28,0,4
BRDA:114,28,1,7
BRDA:121,29,0,90
BRDA:123,30,0,2
BRDA:123,30,1,88
BRDA:125,31,0,1
BRDA:125,31,1,87
BRDA:127,32,0,2
BRDA:127,32,1,85
BRDA:129,33,0,11
BRDA:129,33,1,74
BRDA:129,34,0,85
BRDA:129,34,1,12
BRDA:133,35,0,51
BRDA:133,35,1,23
BRDA:133,36,0,74
BRDA:133,36,1,56
BRDA:134,37,0,38
BRDA:134,37,1,2
BRDA:142,38,0,2
BRDA:142,38,1,21
BRDA:147,39,0,2
BRDA:147,39,1,1
BRDA:148,40,0,2
BRDA:148,40,1,1
BRDA:152,41,0,3
BRDA:152,41,1,18
BRDA:156,42,0,2
BRDA:156,42,1,1
BRDA:160,43,0,7
BRDA:160,43,1,11
BRDA:163,44,0,6
BRDA:163,44,1,1
BRDA:164,45,0,4
BRDA:164,45,1,3
BRDA:166,46,0,1
BRDA:166,46,1,6
BRDA:166,47,0,7
BRDA:166,47,1,2
BRDA:176,48,0,64
BRDA:176,48,1,2
BRF:97
BRH:97
end_of_record
TN:
SF:src/lib/server/llm/embedding.ts
FN:13,parseEmbeddingCompressIntensity
FN:29,toNumberArray
FN:33,(anonymous_2)
FN:47,extractFirstEmbedding
FN:62,extractEmbeddings
FN:70,(anonymous_5)
FN:78,compressForEmbedding
FN:83,createThoughtEmbedding
FN:95,createThoughtEmbeddings
FN:101,(anonymous_9)
FNF:10
FNH:10
FNDA:11,parseEmbeddingCompressIntensity
FNDA:13,toNumberArray
FNDA:15366,(anonymous_2)
FNDA:12,extractFirstEmbedding
FNDA:5,extractEmbeddings
FNDA:5,(anonymous_5)
FNDA:11,compressForEmbedding
FNDA:8,createThoughtEmbedding
FNDA:4,createThoughtEmbeddings
FNDA:4,(anonymous_9)
DA:9,5
DA:11,5
DA:14,11
DA:15,11
DA:16,1
DA:20,10
DA:21,10
DA:22,1
DA:26,9
DA:30,13
DA:31,1
DA:33,12
DA:34,15366
DA:35,1
DA:37,15365
DA:39,12
DA:40,1
DA:44,10
DA:48,12
DA:49,1
DA:51,11
DA:52,11
DA:53,1
DA:55,10
DA:56,10
DA:57,1
DA:59,9
DA:63,5
DA:64,1
DA:66,4
DA:67,4
DA:68,1
DA:70,3
DA:71,5
DA:72,1
DA:74,4
DA:79,11
DA:80,11
DA:84,8
DA:85,8
DA:87,7
DA:88,7
DA:89,5
DA:90,5
DA:91,5
DA:96,4
DA:97,3
DA:98,1
DA:101,4
DA:102,2
DA:103,2
DA:104,2
DA:105,1
DA:109,1
DA:110,2
DA:112,1
LF:56
LH:56
BRDA:15,0,0,1
BRDA:15,0,1,10
BRDA:21,1,0,1
BRDA:21,1,1,9
BRDA:30,2,0,1
BRDA:30,2,1,12
BRDA:34,3,0,1
BRDA:34,3,1,15365
BRDA:34,4,0,15366
BRDA:34,4,1,15365
BRDA:39,5,0,1
BRDA:39,5,1,11
BRDA:48,6,0,1
BRDA:48,6,1,11
BRDA:48,7,0,12
BRDA:48,7,1,11
BRDA:52,8,0,1
BRDA:52,8,1,10
BRDA:52,9,0,11
BRDA:52,9,1,10
BRDA:56,10,0,1
BRDA:56,10,1,9
BRDA:56,11,0,10
BRDA:56,11,1,9
BRDA:63,12,0,1
BRDA:63,12,1,4
BRDA:63,13,0,5
BRDA:63,13,1,4
BRDA:67,14,0,1
BRDA:67,14,1,3
BRDA:67,15,0,4
BRDA:67,15,1,4
BRDA:71,16,0,1
BRDA:71,16,1,4
BRDA:71,17,0,5
BRDA:71,17,1,4
BRDA:85,18,0,1
BRDA:85,18,1,7
BRDA:96,19,0,1
BRDA:96,19,1,3
BRDA:97,20,0,1
BRDA:97,20,1,2
BRDA:104,21,0,1
BRDA:104,21,1,1
BRF:44
BRH:44
end_of_record
TN:
SF:src/lib/server/llm/gateway-cost.ts
FN:7,parseUsdCost
FN:20,extractGatewayReportedCostUsd
FN:33,requireGatewayReportedCostUsd
FN:44,gatewayReportedCostUsdForLog
FNF:4
FNH:4
FNDA:150,parseUsdCost
FNDA:81,extractGatewayReportedCostUsd
FNDA:25,requireGatewayReportedCostUsd
FNDA:47,gatewayReportedCostUsdForLog
DA:8,150
DA:9,131
DA:10,2
DA:11,2
DA:13,130
DA:21,81
DA:22,78
DA:23,78
DA:24,78
DA:25,77
DA:26,77
DA:27,72
DA:28,72
DA:29,54
DA:34,25
DA:35,25
DA:36,21
DA:40,4
DA:45,47
LF:19
LH:19
BRDA:8,0,0,19
BRDA:8,0,1,131
BRDA:8,1,0,150
BRDA:8,1,1,20
BRDA:8,1,2,20
BRDA:9,2,0,2
BRDA:9,2,1,129
BRDA:11,3,0,1
BRDA:11,3,1,1
BRDA:11,4,0,2
BRDA:11,4,1,1
BRDA:21,5,0,3
BRDA:21,5,1,78
BRDA:21,6,0,81
BRDA:21,6,1,78
BRDA:24,7,0,1
BRDA:24,7,1,77
BRDA:26,8,0,5
BRDA:26,8,1,72
BRDA:26,9,0,77
BRDA:26,9,1,72
BRDA:28,10,0,18
BRDA:28,10,1,54
BRDA:35,11,0,21
BRDA:35,11,1,4
BRDA:45,12,0,47
BRDA:45,12,1,35
BRF:27
BRH:27
end_of_record
TN:
SF:src/lib/server/llm/llm-client.ts
FN:41,gatewayHostFromBaseUrl
FN:65,getUserLlmState
FN:74,extractUsage
FN:79,minRequestIntervalMs
FN:89,requestTimeoutMs
FN:99,sleep
FN:100,(anonymous_6)
FN:103,extractChatResponseText
FN:112,(anonymous_8)
FN:126,logLlmChatRequest
FN:133,logLlmChatResponse
FN:139,truncateForEmbeddingLog
FN:145,logLlmEmbeddingRequest
FN:156,logLlmSttRequest
FN:166,logLlmSttResponse
FN:186,waitForLlmRateLimit
FN:201,(anonymous_16)
FN:218,loadLlmProviderConfig
FN:222,(anonymous_18)
FN:320,resolveActiveProviderLlmConfig
FN:321,(anonymous_20)
FN:337,loadLlmConfig
FN:345,resolveRoutingRuleById
FN:398,chatRoutingConfig
FN:419,embeddingRoutingConfig
FN:444,llmChatCompletion
FN:453,(anonymous_26)
FN:454,(anonymous_27)
FN:459,llmChatCompletionInner
FN:484,(anonymous_29)
FN:491,(anonymous_30)
FN:545,(anonymous_31)
FN:564,(anonymous_32)
FN:585,llmCreateEmbeddings
FN:587,(anonymous_34)
FN:588,(anonymous_35)
FN:593,llmCreateEmbeddingsInner
FN:610,(anonymous_37)
FN:692,sttTranscriptPreview
FN:710,loadOpenRouterSttConfig
FN:721,llmCreateTranscription
FN:727,(anonymous_41)
FN:729,(anonymous_42)
FN:736,llmCreateTranscriptionDedicated
FN:755,(anonymous_44)
FNF:45
FNH:45
FNDA:68,gatewayHostFromBaseUrl
FNDA:4,getUserLlmState
FNDA:27,extractUsage
FNDA:96,minRequestIntervalMs
FNDA:90,requestTimeoutMs
FNDA:2,sleep
FNDA:2,(anonymous_6)
FNDA:27,extractChatResponseText
FNDA:4,(anonymous_8)
FNDA:49,logLlmChatRequest
FNDA:27,logLlmChatResponse
FNDA:27,truncateForEmbeddingLog
FNDA:23,logLlmEmbeddingRequest
FNDA:24,logLlmSttRequest
FNDA:11,logLlmSttResponse
FNDA:96,waitForLlmRateLimit
FNDA:4,(anonymous_16)
FNDA:57,loadLlmProviderConfig
FNDA:57,(anonymous_18)
FNDA:52,resolveActiveProviderLlmConfig
FNDA:52,(anonymous_20)
FNDA:58,loadLlmConfig
FNDA:8,resolveRoutingRuleById
FNDA:36,chatRoutingConfig
FNDA:17,embeddingRoutingConfig
FNDA:39,llmChatCompletion
FNDA:17,(anonymous_26)
FNDA:39,(anonymous_27)
FNDA:39,llmChatCompletionInner
FNDA:49,(anonymous_29)
FNDA:3,(anonymous_30)
FNDA:27,(anonymous_31)
FNDA:22,(anonymous_32)
FNDA:19,llmCreateEmbeddings
FNDA:4,(anonymous_34)
FNDA:19,(anonymous_35)
FNDA:19,llmCreateEmbeddingsInner
FNDA:3,(anonymous_37)
FNDA:11,sttTranscriptPreview
FNDA:18,loadOpenRouterSttConfig
FNDA:18,llmCreateTranscription
FNDA:2,(anonymous_41)
FNDA:18,(anonymous_42)
FNDA:15,llmCreateTranscriptionDedicated
FNDA:3,(anonymous_44)
DA:38,16
DA:42,68
DA:43,68
DA:44,68
DA:46,2
DA:47,2
DA:49,1
DA:54,16
DA:63,16
DA:66,4
DA:67,4
DA:68,2
DA:69,2
DA:71,4
DA:75,27
DA:76,27
DA:80,96
DA:81,96
DA:82,94
DA:83,94
DA:84,6
DA:86,88
DA:90,90
DA:91,90
DA:92,14
DA:93,14
DA:94,3
DA:96,11
DA:100,2
DA:104,27
DA:105,27
DA:106,27
DA:107,4
DA:108,4
DA:109,27
DA:110,2
DA:111,1
DA:113,4
DA:114,3
DA:115,2
DA:116,2
DA:118,1
DA:123,1
DA:127,49
DA:128,49
DA:129,49
DA:134,27
DA:137,16
DA:140,27
DA:141,27
DA:142,2
DA:146,23
DA:147,23
DA:148,4
DA:149,8
DA:152,19
DA:161,24
DA:167,11
DA:168,1
DA:169,1
DA:171,10
DA:172,7
DA:173,7
DA:175,3
DA:176,3
DA:177,2
DA:178,2
DA:179,2
DA:180,2
DA:183,1
DA:187,96
DA:188,96
DA:190,4
DA:201,4
DA:202,4
DA:203,4
DA:204,4
DA:205,4
DA:206,2
DA:208,4
DA:211,4
DA:212,4
DA:222,57
DA:223,57
DA:230,57
DA:231,7
DA:239,7
DA:240,7
DA:241,7
DA:242,7
DA:243,2
DA:250,6
DA:261,50
DA:262,4
DA:263,4
DA:264,4
DA:265,1
DA:269,3
DA:270,1
DA:274,2
DA:285,46
DA:286,57
DA:287,57
DA:288,1
DA:292,45
DA:293,2
DA:298,43
DA:299,57
DA:300,57
DA:301,57
DA:308,57
DA:321,52
DA:322,52
DA:328,52
DA:329,52
DA:338,58
DA:339,58
DA:340,52
DA:342,6
DA:346,8
DA:347,8
DA:349,7
DA:355,7
DA:357,7
DA:358,7
DA:360,1
DA:363,7
DA:364,1
DA:374,6
DA:380,8
DA:383,8
DA:384,2
DA:388,4
DA:393,8
DA:394,8
DA:395,8
DA:400,36
DA:401,3
DA:402,3
DA:403,1
DA:407,2
DA:410,33
DA:411,33
DA:412,36
DA:413,5
DA:414,1
DA:421,17
DA:422,2
DA:423,2
DA:424,1
DA:428,1
DA:431,15
DA:432,15
DA:433,17
DA:434,5
DA:435,1
DA:452,39
DA:454,17
DA:455,39
DA:466,39
DA:467,36
DA:468,36
DA:469,36
DA:470,34
DA:471,39
DA:473,39
DA:476,39
DA:477,49
DA:478,49
DA:479,49
DA:480,49
DA:484,49
DA:486,49
DA:487,49
DA:488,46
DA:489,46
DA:490,46
DA:491,46
DA:493,46
DA:494,46
DA:511,43
DA:514,37
DA:516,37
DA:517,37
DA:519,3
DA:522,37
DA:524,10
DA:527,10
DA:530,27
DA:531,27
DA:532,27
DA:533,27
DA:534,27
DA:543,49
DA:545,49
DA:546,49
DA:555,27
DA:557,22
DA:558,22
DA:559,22
DA:564,22
DA:565,22
DA:573,22
DA:577,22
DA:586,19
DA:588,4
DA:589,19
DA:594,19
DA:595,17
DA:596,17
DA:597,17
DA:599,12
DA:602,12
DA:603,23
DA:604,23
DA:605,23
DA:606,23
DA:607,23
DA:608,20
DA:609,20
DA:610,20
DA:612,20
DA:613,20
DA:629,20
DA:632,14
DA:634,14
DA:635,14
DA:637,3
DA:640,14
DA:642,7
DA:645,7
DA:648,7
DA:650,7
DA:653,23
DA:662,7
DA:664,16
DA:666,16
DA:669,16
DA:677,16
DA:681,16
DA:693,11
DA:694,10
DA:695,7
DA:697,3
DA:698,3
DA:699,2
DA:700,2
DA:702,1
DA:711,18
DA:712,18
DA:713,5
DA:715,13
DA:726,18
DA:728,2
DA:730,18
DA:731,15
DA:740,15
DA:741,15
DA:742,15
DA:744,15
DA:747,15
DA:748,24
DA:749,24
DA:750,24
DA:751,24
DA:752,24
DA:753,24
DA:754,24
DA:755,24
DA:756,3
DA:760,24
DA:761,24
DA:779,24
DA:782,18
DA:784,18
DA:785,18
DA:787,3
DA:790,18
DA:792,7
DA:795,7
DA:798,11
DA:799,11
DA:800,11
DA:811,11
DA:813,13
DA:814,13
DA:822,13
DA:826,13
LF:288
LH:288
BRDA:67,0,0,2
BRDA:67,0,1,2
BRDA:75,1,0,0
BRDA:75,1,1,27
BRDA:75,2,0,27
BRDA:75,2,1,27
BRDA:81,3,0,2
BRDA:81,3,1,94
BRDA:83,4,0,6
BRDA:83,4,1,88
BRDA:83,5,0,94
BRDA:83,5,1,91
BRDA:91,6,0,76
BRDA:91,6,1,14
BRDA:93,7,0,3
BRDA:93,7,1,11
BRDA:93,8,0,14
BRDA:93,8,1,14
BRDA:104,9,0,0
BRDA:104,9,1,27
BRDA:104,10,0,27
BRDA:104,10,1,27
BRDA:106,11,0,23
BRDA:106,11,1,4
BRDA:106,12,0,27
BRDA:106,12,1,27
BRDA:109,13,0,2
BRDA:109,13,1,25
BRDA:110,14,0,1
BRDA:110,14,1,1
BRDA:113,15,0,1
BRDA:113,15,1,3
BRDA:114,16,0,2
BRDA:114,16,1,1
BRDA:114,17,0,3
BRDA:114,17,1,2
BRDA:114,17,2,2
BRDA:116,18,0,1
BRDA:116,18,1,1
BRDA:141,19,0,25
BRDA:141,19,1,2
BRDA:147,20,0,4
BRDA:147,20,1,19
BRDA:162,21,0,1
BRDA:162,21,1,23
BRDA:167,22,0,1
BRDA:167,22,1,10
BRDA:167,23,0,11
BRDA:167,23,1,10
BRDA:171,24,0,7
BRDA:171,24,1,3
BRDA:171,25,0,10
BRDA:171,25,1,7
BRDA:176,26,0,2
BRDA:176,26,1,1
BRDA:176,27,0,3
BRDA:176,27,1,2
BRDA:176,27,2,2
BRDA:178,28,0,2
BRDA:178,28,1,0
BRDA:188,29,0,86
BRDA:188,29,1,10
BRDA:205,30,0,2
BRDA:205,30,1,2
BRDA:230,31,0,7
BRDA:230,31,1,50
BRDA:230,32,0,57
BRDA:230,32,1,7
BRDA:231,33,0,1
BRDA:231,33,1,6
BRDA:240,34,0,7
BRDA:240,34,1,5
BRDA:241,35,0,7
BRDA:241,35,1,5
BRDA:242,36,0,2
BRDA:242,36,1,5
BRDA:256,37,0,6
BRDA:256,37,1,4
BRDA:257,38,0,7
BRDA:257,38,1,4
BRDA:261,39,0,4
BRDA:261,39,1,46
BRDA:264,40,0,1
BRDA:264,40,1,3
BRDA:269,41,0,1
BRDA:269,41,1,2
BRDA:287,42,0,1
BRDA:287,42,1,56
BRDA:292,43,0,2
BRDA:292,43,1,43
BRDA:298,44,0,43
BRDA:298,44,1,2
BRDA:299,45,0,57
BRDA:299,45,1,2
BRDA:328,46,0,52
BRDA:328,46,1,45
BRDA:339,47,0,52
BRDA:339,47,1,6
BRDA:347,48,0,1
BRDA:347,48,1,7
BRDA:363,49,0,1
BRDA:363,49,1,6
BRDA:374,50,0,6
BRDA:374,50,1,0
BRDA:375,51,0,4
BRDA:375,51,1,2
BRDA:375,52,0,6
BRDA:375,52,1,6
BRDA:375,52,2,6
BRDA:380,53,0,4
BRDA:380,53,1,2
BRDA:383,54,0,2
BRDA:383,54,1,6
BRDA:388,55,0,2
BRDA:388,55,1,2
BRDA:388,56,0,4
BRDA:388,56,1,2
BRDA:390,57,0,2
BRDA:390,57,1,0
BRDA:393,58,0,2
BRDA:393,58,1,2
BRDA:400,59,0,3
BRDA:400,59,1,33
BRDA:401,60,0,3
BRDA:401,60,1,1
BRDA:402,61,0,1
BRDA:402,61,1,2
BRDA:412,62,0,28
BRDA:412,62,1,8
BRDA:412,63,0,27
BRDA:412,63,1,1
BRDA:413,64,0,4
BRDA:413,64,1,1
BRDA:421,65,0,2
BRDA:421,65,1,15
BRDA:422,66,0,2
BRDA:422,66,1,1
BRDA:423,67,0,1
BRDA:423,67,1,1
BRDA:433,68,0,10
BRDA:433,68,1,7
BRDA:433,69,0,9
BRDA:433,69,1,1
BRDA:434,70,0,4
BRDA:434,70,1,1
BRDA:470,71,0,34
BRDA:470,71,1,32
BRDA:482,72,0,49
BRDA:482,72,1,3
BRDA:502,73,0,40
BRDA:502,73,1,3
BRDA:504,74,0,1
BRDA:504,74,1,42
BRDA:506,75,0,1
BRDA:506,75,1,42
BRDA:507,76,0,1
BRDA:507,76,1,42
BRDA:522,77,0,10
BRDA:522,77,1,27
BRDA:524,78,0,7
BRDA:524,78,1,3
BRDA:524,79,0,10
BRDA:524,79,1,10
BRDA:524,79,2,10
BRDA:545,80,0,49
BRDA:545,80,1,1
BRDA:558,81,0,19
BRDA:558,81,1,3
BRDA:564,82,0,22
BRDA:564,82,1,3
BRDA:573,83,0,7
BRDA:573,83,1,15
BRDA:577,84,0,6
BRDA:577,84,1,1
BRDA:621,85,0,18
BRDA:621,85,1,2
BRDA:623,86,0,1
BRDA:623,86,1,19
BRDA:640,87,0,7
BRDA:640,87,1,7
BRDA:642,88,0,4
BRDA:642,88,1,3
BRDA:642,89,0,7
BRDA:642,89,1,7
BRDA:642,89,2,7
BRDA:650,90,0,1
BRDA:650,90,1,6
BRDA:666,91,0,3
BRDA:666,91,1,13
BRDA:677,92,0,5
BRDA:677,92,1,11
BRDA:681,93,0,4
BRDA:681,93,1,1
BRDA:693,94,0,1
BRDA:693,94,1,10
BRDA:693,95,0,11
BRDA:693,95,1,10
BRDA:694,96,0,7
BRDA:694,96,1,3
BRDA:694,97,0,10
BRDA:694,97,1,7
BRDA:698,98,0,2
BRDA:698,98,1,1
BRDA:698,99,0,3
BRDA:698,99,1,2
BRDA:698,99,2,2
BRDA:700,100,0,2
BRDA:700,100,1,0
BRDA:712,101,0,5
BRDA:712,101,1,13
BRDA:774,102,0,1
BRDA:774,102,1,23
BRDA:790,103,0,7
BRDA:790,103,1,11
BRDA:792,104,0,4
BRDA:792,104,1,3
BRDA:792,105,0,7
BRDA:792,105,1,7
BRDA:792,105,2,7
BRDA:806,106,0,11
BRDA:806,106,1,2
BRDA:807,107,0,2
BRDA:807,107,1,0
BRDA:822,108,0,4
BRDA:822,108,1,9
BRDA:826,109,0,3
BRDA:826,109,1,1
BRF:227
BRH:220
end_of_record
TN:
SF:src/lib/server/llm/llm-config-guard.ts
FN:6,isDockerPlaceholderLlmBaseUrl
FN:17,isDockerPlaceholderRuleId
FN:22,placeholderRuleDetail
FN:31,assertEurouterGatewayConfigured
FN:66,routingRuleLookupErrorMessage
FNF:5
FNH:5
FNDA:58,isDockerPlaceholderLlmBaseUrl
FNDA:99,isDockerPlaceholderRuleId
FNDA:102,placeholderRuleDetail
FNDA:54,assertEurouterGatewayConfigured
FNDA:2,routingRuleLookupErrorMessage
DA:2,19
DA:3,19
DA:4,19
DA:7,58
DA:8,58
DA:9,58
DA:10,58
DA:11,58
DA:13,2
DA:18,99
DA:19,99
DA:23,102
DA:24,97
DA:25,1
DA:38,54
DA:39,54
DA:41,3
DA:44,3
DA:49,51
DA:50,51
DA:51,51
DA:52,1
DA:57,1
DA:60,1
DA:72,2
DA:76,1
DA:82,1
LF:27
LH:27
BRDA:8,0,0,0
BRDA:8,0,1,58
BRDA:11,1,0,58
BRDA:11,1,1,51
BRDA:19,2,0,99
BRDA:19,2,1,97
BRDA:23,3,0,5
BRDA:23,3,1,97
BRDA:24,4,0,96
BRDA:24,4,1,1
BRDA:39,5,0,3
BRDA:39,5,1,51
BRDA:41,6,0,2
BRDA:41,6,1,1
BRDA:51,7,0,1
BRDA:51,7,1,50
BRDA:51,8,0,51
BRDA:51,8,1,50
BRDA:53,9,0,1
BRDA:53,9,1,0
BRDA:54,10,0,0
BRDA:54,10,1,1
BRDA:57,11,0,1
BRDA:57,11,1,0
BRDA:72,12,0,1
BRDA:72,12,1,1
BRDA:73,13,0,2
BRDA:73,13,1,1
BRF:28
BRH:24
end_of_record
TN:
SF:src/lib/server/llm/stt-audio.ts
FN:21,sttFormatFromMime
FNF:1
FNH:1
FNDA:7,sttFormatFromMime
DA:2,2
DA:4,2
DA:22,7
DA:23,7
LF:4
LH:4
BRDA:22,0,0,7
BRDA:22,0,1,0
BRDA:23,1,0,7
BRDA:23,1,1,2
BRF:4
BRH:3
end_of_record
TN:
SF:src/lib/server/llm/stt-client.ts
FN:13,sttModelId
FN:23,parseSttTranscript
FN:42,transcribeAudio
FNF:3
FNH:3
FNDA:1,sttModelId
FNDA:4,parseSttTranscript
FNDA:1,transcribeAudio
DA:5,1
DA:14,1
DA:15,1
DA:16,0
DA:24,4
DA:25,0
DA:27,4
DA:28,4
DA:29,2
DA:31,2
DA:32,1
DA:36,1
DA:46,1
DA:51,1
LF:14
LH:12
BRDA:15,0,0,1
BRDA:15,0,1,0
BRDA:24,1,0,0
BRDA:24,1,1,4
BRDA:24,2,0,4
BRDA:24,2,1,4
BRDA:28,3,0,2
BRDA:28,3,1,2
BRDA:28,4,0,4
BRDA:28,4,1,2
BRDA:31,5,0,1
BRDA:31,5,1,1
BRF:12
BRH:10
end_of_record
TN:
SF:src/lib/server/llm/embedding-compress/compress.ts
FN:15,escapeRe
FN:19,removePhrases
FN:21,(anonymous_2)
FN:26,abbreviate
FN:30,(anonymous_4)
FN:35,matchCase
FN:41,collapseWhitespace
FN:50,compressProse
FN:73,compress
FNF:9
FNH:9
FNDA:1435,escapeRe
FNDA:80,removePhrases
FNDA:1851,(anonymous_2)
FNDA:20,abbreviate
FNDA:3,(anonymous_4)
FNDA:3,matchCase
FNDA:20,collapseWhitespace
FNDA:21,compressProse
FNDA:19,compress
DA:16,1435
DA:20,80
DA:21,1851
DA:22,78
DA:23,78
DA:27,20
DA:28,20
DA:29,702
DA:30,702
DA:32,20
DA:36,3
DA:37,2
DA:38,1
DA:42,20
DA:51,21
DA:52,21
DA:53,21
DA:54,21
DA:55,21
DA:56,21
DA:57,20
DA:58,20
DA:59,20
DA:60,20
DA:61,20
DA:62,20
DA:63,20
DA:64,20
DA:65,21
DA:66,21
DA:74,19
DA:75,19
DA:76,19
DA:77,19
DA:78,23
DA:79,2
DA:80,2
DA:82,21
DA:84,19
LF:39
LH:39
BRDA:20,0,0,2
BRDA:20,0,1,78
BRDA:36,1,0,1
BRDA:36,1,1,2
BRDA:37,2,0,1
BRDA:37,2,1,1
BRDA:53,3,0,5
BRDA:53,3,1,16
BRDA:54,4,0,5
BRDA:54,4,1,16
BRDA:56,5,0,1
BRDA:56,5,1,20
BRDA:64,6,0,1
BRDA:64,6,1,19
BRDA:64,7,0,3
BRDA:64,7,1,16
BRDA:65,8,0,1
BRDA:65,8,1,19
BRDA:65,9,0,3
BRDA:65,9,1,16
BRDA:73,10,0,19
BRDA:74,11,0,19
BRDA:74,11,1,1
BRDA:78,12,0,2
BRDA:78,12,1,21
BRF:25
BRH:25
end_of_record
TN:
SF:src/lib/server/llm/embedding-compress/lexicon.ts
FN:8,fillersFor
FN:12,articlesFor
FN:16,hedgesFor
FN:20,pleasantriesFor
FN:24,abbreviationsFor
FNF:5
FNH:5
FNDA:20,fillersFor
FNDA:20,articlesFor
FNDA:20,hedgesFor
FNDA:20,pleasantriesFor
FNDA:20,abbreviationsFor
DA:6,6
DA:9,20
DA:13,20
DA:17,20
DA:21,20
DA:25,20
LF:6
LH:6
BRF:0
BRH:0
end_of_record
TN:
SF:src/lib/server/mcp/registry.ts
FN:119,(anonymous_0)
FN:122,(anonymous_1)
FN:124,buildAgentToolDescriptionBlock
FN:125,(anonymous_3)
FNF:4
FNH:2
FNDA:12,(anonymous_0)
FNDA:12,(anonymous_1)
FNDA:0,buildAgentToolDescriptionBlock
FNDA:0,(anonymous_3)
DA:23,2
DA:118,2
DA:119,12
DA:122,12
DA:125,0
DA:126,0
LF:6
LH:4
BRF:0
BRH:0
end_of_record
TN:
SF:src/lib/server/mcp/resolve-retrieval-mode.ts
FN:11,resolveMcpRetrievalMode
FNF:1
FNH:1
FNDA:4,resolveMcpRetrievalMode
DA:15,4
DA:16,2
DA:17,1
LF:3
LH:3
BRDA:15,0,0,2
BRDA:15,0,1,2
BRDA:15,1,0,4
BRDA:15,1,1,3
BRDA:16,2,0,1
BRDA:16,2,1,1
BRF:6
BRH:6
end_of_record
TN:
SF:src/lib/server/mcp/server.ts
FN:7,createMcpServer
FN:20,(anonymous_1)
FN:21,(anonymous_2)
FN:28,(anonymous_3)
FNF:4
FNH:4
FNDA:6,createMcpServer
FNDA:2,(anonymous_1)
FNDA:12,(anonymous_2)
FNDA:4,(anonymous_3)
DA:8,6
DA:20,6
DA:21,12
DA:28,6
DA:29,4
DA:30,4
DA:31,4
DA:32,2
DA:35,2
DA:36,2
DA:46,6
LF:11
LH:11
BRDA:31,0,0,2
BRDA:31,0,1,2
BRDA:35,1,0,2
BRDA:35,1,1,0
BRF:4
BRH:3
end_of_record
TN:
SF:src/lib/server/mcp/snippet.ts
FN:3,thoughtSnippet
FNF:1
FNH:1
FNDA:4,thoughtSnippet
DA:4,4
DA:5,4
DA:6,0
LF:3
LH:2
BRDA:3,0,0,4
BRDA:5,1,0,4
BRDA:5,1,1,0
BRF:3
BRH:2
end_of_record
TN:
SF:src/lib/server/mcp/tools.ts
FN:35,asObject
FN:39,parseDetailLevel
FN:53,buildMcpThoughtSnippetRows
FN:72,(anonymous_3)
FN:76,(anonymous_4)
FN:100,runCaptureThoughtTool
FN:110,runListThoughtsTool
FN:136,(anonymous_7)
FN:153,runRetrieveThoughtsTool
FN:188,(anonymous_9)
FN:193,(anonymous_10)
FN:209,(anonymous_11)
FN:231,runDeleteThoughtTool
FN:244,runEditThoughtTool
FN:300,runAnswerQuestionTool
FN:313,(anonymous_15)
FNF:16
FNH:15
FNDA:16,asObject
FNDA:8,parseDetailLevel
FNDA:6,buildMcpThoughtSnippetRows
FNDA:4,(anonymous_3)
FNDA:4,(anonymous_4)
FNDA:3,runCaptureThoughtTool
FNDA:3,runListThoughtsTool
FNDA:1,(anonymous_7)
FNDA:6,runRetrieveThoughtsTool
FNDA:4,(anonymous_9)
FNDA:2,(anonymous_10)
FNDA:3,(anonymous_11)
FNDA:1,runDeleteThoughtTool
FNDA:2,runEditThoughtTool
FNDA:1,runAnswerQuestionTool
FNDA:0,(anonymous_15)
DA:36,16
DA:40,8
DA:41,8
DA:70,6
DA:72,4
DA:76,6
DA:77,4
DA:78,4
DA:79,4
DA:80,4
DA:101,3
DA:102,3
DA:103,3
DA:104,2
DA:106,1
DA:107,1
DA:111,3
DA:112,3
DA:113,3
DA:115,3
DA:116,3
DA:117,3
DA:129,3
DA:130,1
DA:133,2
DA:134,2
DA:136,1
DA:147,2
DA:154,6
DA:155,6
DA:156,6
DA:157,1
DA:159,5
DA:160,6
DA:161,6
DA:162,6
DA:163,6
DA:164,6
DA:166,6
DA:167,6
DA:173,6
DA:178,6
DA:183,4
DA:188,4
DA:191,4
DA:194,2
DA:197,6
DA:198,0
DA:199,0
DA:203,0
DA:206,4
DA:207,4
DA:209,3
DA:220,4
DA:224,4
DA:228,4
DA:232,1
DA:233,1
DA:237,1
DA:238,1
DA:239,0
DA:241,1
DA:245,2
DA:246,2
DA:250,2
DA:251,2
DA:252,0
DA:254,1
DA:266,1
DA:267,1
DA:270,0
DA:271,2
DA:279,2
DA:280,0
DA:281,0
DA:284,0
DA:285,2
DA:301,1
DA:302,1
DA:303,1
DA:304,0
DA:306,1
DA:307,1
DA:308,1
DA:309,1
DA:314,0
DA:319,0
DA:320,0
DA:327,1
DA:332,1
LF:90
LH:77
BRDA:36,0,0,15
BRDA:36,0,1,1
BRDA:36,1,0,16
BRDA:36,1,1,15
BRDA:41,2,0,1
BRDA:41,2,1,7
BRDA:85,3,0,1
BRDA:85,3,1,3
BRDA:86,4,0,0
BRDA:86,4,1,4
BRDA:87,5,0,3
BRDA:87,5,1,1
BRDA:102,6,0,2
BRDA:102,6,1,1
BRDA:103,7,0,2
BRDA:103,7,1,1
BRDA:112,8,0,1
BRDA:112,8,1,2
BRDA:115,9,0,1
BRDA:115,9,1,2
BRDA:116,10,0,1
BRDA:116,10,1,2
BRDA:119,11,0,1
BRDA:119,11,1,2
BRDA:121,12,0,1
BRDA:121,12,1,2
BRDA:121,13,0,3
BRDA:121,13,1,1
BRDA:129,14,0,1
BRDA:129,14,1,2
BRDA:155,15,0,6
BRDA:155,15,1,0
BRDA:156,16,0,1
BRDA:156,16,1,5
BRDA:159,17,0,1
BRDA:159,17,1,4
BRDA:160,18,0,2
BRDA:160,18,1,3
BRDA:164,19,0,6
BRDA:164,19,1,3
BRDA:170,20,0,6
BRDA:170,20,1,3
BRDA:191,21,0,3
BRDA:191,21,1,1
BRDA:197,22,0,0
BRDA:197,22,1,6
BRDA:234,23,0,1
BRDA:234,23,1,0
BRDA:238,24,0,0
BRDA:238,24,1,1
BRDA:247,25,0,2
BRDA:247,25,1,0
BRDA:250,26,0,1
BRDA:250,26,1,0
BRDA:251,27,0,0
BRDA:251,27,1,2
BRDA:266,28,0,1
BRDA:266,28,1,0
BRDA:270,29,0,0
BRDA:270,29,1,0
BRDA:276,30,0,0
BRDA:276,30,1,0
BRDA:280,31,0,0
BRDA:280,31,1,0
BRDA:284,32,0,0
BRDA:284,32,1,0
BRDA:295,33,0,0
BRDA:295,33,1,0
BRDA:302,34,0,1
BRDA:302,34,1,0
BRDA:303,35,0,0
BRDA:303,35,1,1
BRDA:306,36,0,0
BRDA:306,36,1,1
BRDA:308,37,0,1
BRDA:308,37,1,1
BRDA:312,38,0,0
BRDA:312,38,1,1
BRDA:323,39,0,0
BRDA:323,39,1,0
BRF:80
BRH:55
end_of_record
TN:
SF:src/lib/server/memory/canonical-entity-admin.ts
FN:15,listThoughtsMentioningCanonicalEntity
FN:30,(anonymous_1)
FN:30,(anonymous_2)
FN:49,getCanonicalEntityForUser
FN:64,updateCanonicalEntityForUser
FN:115,repairCanonicalEntityTypesForUser
FN:133,(anonymous_6)
FN:169,syncCanonicalEntityVertexToGraph
FN:202,deleteCanonicalEntityForUser
FN:221,toVectorLiteral
FN:225,toVectorSql
FN:231,(anonymous_11)
FN:247,consolidateCanonicalEntityAliasesForUser
FN:264,(anonymous_13)
FNF:14
FNH:14
FNDA:3,listThoughtsMentioningCanonicalEntity
FNDA:2,(anonymous_1)
FNDA:2,(anonymous_2)
FNDA:20,getCanonicalEntityForUser
FNDA:7,updateCanonicalEntityForUser
FNDA:5,repairCanonicalEntityTypesForUser
FNDA:1,(anonymous_6)
FNDA:6,syncCanonicalEntityVertexToGraph
FNDA:2,deleteCanonicalEntityForUser
FNDA:12,toVectorLiteral
FNDA:15,toVectorSql
FNDA:18443,(anonymous_11)
FNDA:10,consolidateCanonicalEntityAliasesForUser
FNDA:20,(anonymous_13)
DA:20,3
DA:21,3
DA:23,3
DA:30,3
DA:31,3
DA:33,1
DA:50,20
DA:51,20
DA:61,20
DA:69,7
DA:70,7
DA:72,6
DA:73,7
DA:74,1
DA:76,5
DA:77,5
DA:78,3
DA:79,3
DA:80,1
DA:82,2
DA:83,2
DA:84,2
DA:85,2
DA:86,1
DA:88,1
DA:91,3
DA:96,3
DA:97,3
DA:99,2
DA:107,2
DA:116,5
DA:118,5
DA:119,5
DA:120,5
DA:121,5
DA:122,1
DA:126,4
DA:127,8
DA:128,3
DA:129,3
DA:132,4
DA:133,1
DA:135,4
DA:136,0
DA:139,4
DA:140,4
DA:150,4
DA:152,3
DA:153,3
DA:157,3
DA:166,3
DA:173,6
DA:174,6
DA:175,5
DA:182,5
DA:191,5
DA:192,5
DA:193,4
DA:199,5
DA:206,2
DA:207,2
DA:209,1
DA:210,1
DA:214,1
DA:217,3
DA:218,3
DA:219,3
DA:222,12
DA:226,15
DA:227,2
DA:231,18443
DA:232,1
DA:234,12
DA:250,10
DA:251,10
DA:264,10
DA:265,20
DA:267,10
DA:269,8
DA:270,8
DA:271,8
DA:273,8
DA:274,17
DA:276,15
DA:277,15
DA:279,3
DA:281,12
DA:282,12
DA:302,12
DA:303,9
DA:305,3
DA:307,3
DA:308,3
DA:309,17
DA:310,17
DA:312,17
DA:322,3
DA:331,3
DA:332,3
DA:333,3
DA:336,3
DA:339,8
LF:102
LH:101
BRDA:18,0,0,3
BRDA:31,1,0,2
BRDA:31,1,1,1
BRDA:61,2,0,20
BRDA:61,2,1,5
BRDA:70,3,0,1
BRDA:70,3,1,6
BRDA:72,4,0,3
BRDA:72,4,1,3
BRDA:73,5,0,1
BRDA:73,5,1,6
BRDA:77,6,0,3
BRDA:77,6,1,2
BRDA:79,7,0,1
BRDA:79,7,1,2
BRDA:85,8,0,1
BRDA:85,8,1,1
BRDA:97,9,0,1
BRDA:97,9,1,2
BRDA:121,10,0,1
BRDA:121,10,1,4
BRDA:127,11,0,3
BRDA:127,11,1,5
BRDA:129,12,0,2
BRDA:129,12,1,1
BRDA:132,13,0,1
BRDA:132,13,1,3
BRDA:135,14,0,0
BRDA:135,14,1,4
BRDA:150,15,0,1
BRDA:150,15,1,3
BRDA:174,16,0,1
BRDA:174,16,1,5
BRDA:192,17,0,1
BRDA:192,17,1,4
BRDA:207,18,0,1
BRDA:207,18,1,1
BRDA:226,19,0,2
BRDA:226,19,1,13
BRDA:231,20,0,1
BRDA:231,20,1,12
BRDA:267,21,0,2
BRDA:267,21,1,8
BRDA:274,22,0,2
BRDA:274,22,1,15
BRDA:302,23,0,9
BRDA:302,23,1,3
BRDA:302,24,0,12
BRDA:302,24,1,6
BRDA:302,24,2,4
BRDA:305,25,0,0
BRDA:305,25,1,3
BRDA:308,26,0,2
BRDA:308,26,1,1
BRDA:309,27,0,2
BRDA:309,27,1,1
BRF:56
BRH:54
end_of_record
TN:
SF:src/lib/server/memory/classify-memory-type.ts
FN:33,isMemoryType
FN:41,classifyMemoryType
FNF:2
FNH:2
FNDA:10,isMemoryType
FNDA:12,classifyMemoryType
DA:23,1
DA:34,10
DA:45,12
DA:60,12
DA:72,11
DA:73,11
DA:74,1
DA:76,10
DA:77,12
DA:78,0
DA:81,10
DA:82,10
DA:83,1
DA:85,9
LF:14
LH:13
BRDA:34,0,0,10
BRDA:34,0,1,10
BRDA:73,1,0,1
BRDA:73,1,1,10
BRDA:73,2,0,11
BRDA:73,2,1,11
BRDA:77,3,0,0
BRDA:77,3,1,12
BRDA:82,4,0,1
BRDA:82,4,1,9
BRF:10
BRH:9
end_of_record
TN:
SF:src/lib/server/memory/delete-all-memories.ts
FN:24,assertDeleteAllMemoriesConfirmation
FN:36,deleteAllMemoriesForUser
FN:39,(anonymous_2)
FNF:3
FNH:3
FNDA:2,assertDeleteAllMemoriesConfirmation
FNDA:1,deleteAllMemoriesForUser
FNDA:1,(anonymous_2)
DA:25,2
DA:26,1
DA:37,1
DA:39,1
DA:40,1
DA:44,1
DA:49,1
DA:50,1
DA:51,1
DA:52,1
DA:53,1
DA:54,1
DA:55,1
DA:56,1
DA:61,1
DA:67,1
DA:69,1
LF:17
LH:17
BRDA:25,0,0,1
BRDA:25,0,1,1
BRF:2
BRH:2
end_of_record
TN:
SF:src/lib/server/memory/entity-extraction.ts
FN:39,extractChatContent
FN:58,clampConfidence
FN:105,shouldRetryEntityMentionExtraction
FN:121,resolveEntityTypeKey
FN:134,parseEntityMentions
FN:144,(anonymous_5)
FN:160,(anonymous_6)
FN:174,lexicalContextSupportsTriple
FN:186,acceptEntityTriple
FN:201,filterAcceptedEntityTriples
FN:205,(anonymous_10)
FN:208,parseEntityTriples
FN:217,(anonymous_12)
FN:236,(anonymous_13)
FN:241,extractEntityMentionsOnce
FN:250,(anonymous_15)
FN:252,(anonymous_16)
FN:259,(anonymous_17)
FN:314,extractEntityMentions
FN:351,extractEntityTriples
FN:358,(anonymous_20)
FN:359,(anonymous_21)
FN:387,extractEntityGraphOnce
FN:396,(anonymous_23)
FN:398,(anonymous_24)
FN:405,(anonymous_25)
FN:461,(anonymous_26)
FN:478,extractEntityGraphBundle
FNF:28
FNH:28
FNDA:49,extractChatContent
FNDA:51,clampConfidence
FNDA:45,shouldRetryEntityMentionExtraction
FNDA:56,resolveEntityTypeKey
FNDA:45,parseEntityMentions
FNDA:40,(anonymous_5)
FNDA:40,(anonymous_6)
FNDA:3,lexicalContextSupportsTriple
FNDA:12,acceptEntityTriple
FNDA:5,filterAcceptedEntityTriples
FNDA:7,(anonymous_10)
FNDA:21,parseEntityTriples
FNDA:14,(anonymous_12)
FNDA:14,(anonymous_13)
FNDA:29,extractEntityMentionsOnce
FNDA:99,(anonymous_15)
FNDA:99,(anonymous_16)
FNDA:7,(anonymous_17)
FNDA:18,extractEntityMentions
FNDA:6,extractEntityTriples
FNDA:7,(anonymous_20)
FNDA:7,(anonymous_21)
FNDA:16,extractEntityGraphOnce
FNDA:48,(anonymous_23)
FNDA:48,(anonymous_24)
FNDA:1,(anonymous_25)
FNDA:8,(anonymous_26)
FNDA:10,extractEntityGraphBundle
DA:30,7
DA:40,49
DA:41,1
DA:43,48
DA:44,48
DA:45,2
DA:47,46
DA:48,46
DA:49,1
DA:51,45
DA:52,45
DA:53,1
DA:55,44
DA:59,51
DA:60,42
DA:64,7
DA:95,7
DA:98,7
DA:102,7
DA:106,45
DA:107,45
DA:108,45
DA:109,44
DA:110,33
DA:111,22
DA:112,3
DA:113,2
DA:114,2
DA:122,56
DA:123,56
DA:124,53
DA:125,22
DA:126,22
DA:127,67
DA:129,19
DA:130,19
DA:131,5
DA:138,45
DA:139,45
DA:140,1
DA:142,40
DA:143,40
DA:145,40
DA:147,38
DA:151,40
DA:154,40
[...]
BRDA:161,40,1,0
BRF:83
BRH:0
end_of_record
TN:
SF:src/lib/validation/auth.ts
FNF:0
FNH:0
DA:3,2
DA:8,2
LF:2
LH:2
BRF:0
BRH:0
end_of_record
TN:
SF:src/routes/api/billing/paypal/capture-order/+server.ts
FN:10,(anonymous_0)
FN:16,(anonymous_1)
FNF:2
FNH:1
FNDA:7,(anonymous_0)
FNDA:0,(anonymous_1)
DA:10,1
DA:11,7
DA:12,7
DA:13,1
DA:16,6
DA:17,6
DA:18,7
DA:19,1
DA:22,5
DA:23,5
DA:29,5
DA:30,2
DA:33,3
DA:34,1
DA:35,1
DA:43,2
DA:45,2
DA:46,1
DA:54,1
DA:64,1
DA:71,1
LF:21
LH:21
BRDA:12,0,0,1
BRDA:12,0,1,6
BRDA:17,1,0,5
BRDA:17,1,1,1
BRDA:18,2,0,1
BRDA:18,2,1,6
BRDA:29,3,0,2
BRDA:29,3,1,3
BRDA:29,4,0,5
BRDA:29,4,1,4
BRDA:33,5,0,1
BRDA:33,5,1,2
BRDA:45,6,0,1
BRDA:45,6,1,1
BRF:14
BRH:14
end_of_record
TN:
SF:src/routes/api/billing/paypal/create-order/+server.ts
FN:10,(anonymous_0)
FN:16,(anonymous_1)
FNF:2
FNH:1
FNDA:4,(anonymous_0)
FNDA:0,(anonymous_1)
DA:8,1
DA:10,1
DA:11,4
DA:12,4
DA:13,1
DA:16,3
DA:18,3
DA:24,4
DA:25,1
DA:30,2
DA:31,1
DA:34,1
DA:36,1
DA:37,1
DA:48,1
LF:15
LH:15
BRDA:12,0,0,1
BRDA:12,0,1,3
BRDA:18,1,0,3
BRDA:18,1,1,0
BRDA:20,2,0,0
BRDA:20,2,1,0
BRDA:24,3,0,1
BRDA:24,3,1,3
BRDA:24,4,0,4
BRDA:24,4,1,3
BRDA:30,5,0,1
BRDA:30,5,1,1
BRF:12
BRH:9
end_of_record
TN:
SF:src/routes/api/billing/wallet/+server.ts
FN:7,(anonymous_0)
FNF:1
FNH:1
FNDA:2,(anonymous_0)
DA:7,1
DA:8,2
DA:9,2
DA:10,1
DA:13,1
DA:14,1
DA:16,1
LF:7
LH:7
BRDA:9,0,0,1
BRDA:9,0,1,1
BRF:2
BRH:2
end_of_record
TN:
SF:src/routes/api/capture/edit/+server.ts
FN:8,(anonymous_0)
FN:32,(anonymous_1)
FN:44,(anonymous_2)
FN:45,(anonymous_3)
FN:48,(anonymous_4)
FN:56,(anonymous_5)
FN:62,(anonymous_6)
FN:63,(anonymous_7)
FN:78,(anonymous_8)
FN:81,(anonymous_9)
FN:85,(anonymous_10)
FN:87,(anonymous_11)
FN:90,(anonymous_12)
FN:91,(anonymous_13)
FNF:14
FNH:9
FNDA:13,(anonymous_0)
FNDA:2,(anonymous_1)
FNDA:9,(anonymous_2)
FNDA:0,(anonymous_3)
FNDA:2,(anonymous_4)
FNDA:8,(anonymous_5)
FNDA:7,(anonymous_6)
FNDA:7,(anonymous_7)
FNDA:0,(anonymous_8)
FNDA:0,(anonymous_9)
FNDA:1,(anonymous_10)
FNDA:0,(anonymous_11)
FNDA:1,(anonymous_12)
FNDA:0,(anonymous_13)
DA:8,1
DA:9,13
DA:10,13
DA:13,12
DA:14,12
DA:16,1
DA:20,11
DA:23,13
DA:24,13
DA:25,13
DA:26,10
DA:28,10
DA:29,13
DA:31,13
DA:32,2
DA:33,2
DA:34,1
DA:37,8
DA:38,8
DA:42,8
DA:44,8
DA:45,9
DA:48,8
DA:49,2
DA:50,1
DA:52,1
DA:56,8
DA:57,8
DA:58,8
DA:59,8
DA:60,7
DA:61,7
DA:62,7
DA:63,7
DA:67,5
DA:68,1
DA:70,4
DA:73,2
DA:74,2
DA:75,2
DA:77,7
DA:78,6
DA:79,6
DA:81,6
DA:85,8
DA:86,1
DA:87,1
DA:90,8
DA:91,1
DA:94,8
LF:50
LH:50
BRDA:10,0,0,1
BRDA:10,0,1,12
BRDA:20,1,0,11
BRDA:20,1,1,0
BRDA:20,2,0,11
BRDA:20,2,1,11
BRDA:23,3,0,11
BRDA:23,3,1,0
BRDA:24,4,0,11
BRDA:24,4,1,0
BRDA:25,5,0,1
BRDA:25,5,1,12
BRDA:26,6,0,0
BRDA:26,6,1,10
BRDA:28,7,0,10
BRDA:28,7,1,2
BRDA:31,8,0,2
BRDA:31,8,1,11
BRDA:33,9,0,1
BRDA:33,9,1,1
BRDA:49,10,0,1
BRDA:49,10,1,1
BRDA:67,11,0,1
BRDA:67,11,1,4
BRDA:73,12,0,1
BRDA:73,12,1,1
BRDA:77,13,0,6
BRDA:77,13,1,1
BRF:28
BRH:24
end_of_record
TN:
SF:src/routes/api/capture/relink/+server.ts
FN:8,(anonymous_0)
FN:28,(anonymous_1)
FN:42,(anonymous_2)
FN:43,(anonymous_3)
FN:46,(anonymous_4)
FN:54,(anonymous_5)
FN:60,(anonymous_6)
FN:61,(anonymous_7)
FN:76,(anonymous_8)
FN:79,(anonymous_9)
FN:83,(anonymous_10)
FN:85,(anonymous_11)
FN:88,(anonymous_12)
FN:89,(anonymous_13)
FNF:14
FNH:9
FNDA:13,(anonymous_0)
FNDA:2,(anonymous_1)
FNDA:9,(anonymous_2)
FNDA:0,(anonymous_3)
FNDA:2,(anonymous_4)
FNDA:8,(anonymous_5)
FNDA:7,(anonymous_6)
FNDA:7,(anonymous_7)
FNDA:0,(anonymous_8)
FNDA:0,(anonymous_9)
FNDA:1,(anonymous_10)
FNDA:0,(anonymous_11)
FNDA:1,(anonymous_12)
FNDA:0,(anonymous_13)
DA:8,1
DA:9,13
DA:10,13
DA:13,12
DA:14,12
DA:16,1
DA:20,11
DA:21,13
DA:22,13
DA:24,10
DA:25,13
DA:27,13
DA:28,2
DA:31,2
DA:32,1
DA:35,8
DA:36,8
DA:40,8
DA:42,8
DA:43,9
DA:46,8
DA:47,2
DA:48,1
DA:50,1
DA:54,8
DA:55,8
DA:56,8
DA:57,8
DA:58,7
DA:59,7
DA:60,7
DA:61,7
DA:65,5
DA:66,1
DA:68,4
DA:71,2
DA:72,2
DA:73,2
DA:75,7
DA:76,6
DA:77,6
DA:79,6
DA:83,8
DA:84,1
DA:85,1
DA:88,8
DA:89,1
DA:92,8
LF:48
LH:48
BRDA:10,0,0,1
BRDA:10,0,1,12
BRDA:20,1,0,11
BRDA:20,1,1,0
BRDA:20,2,0,11
BRDA:20,2,1,11
BRDA:21,3,0,11
BRDA:21,3,1,0
BRDA:22,4,0,1
BRDA:22,4,1,12
BRDA:24,5,0,10
BRDA:24,5,1,2
BRDA:27,6,0,2
BRDA:27,6,1,11
BRDA:31,7,0,1
BRDA:31,7,1,1
BRDA:47,8,0,1
BRDA:47,8,1,1
BRDA:65,9,0,1
BRDA:65,9,1,4
BRDA:71,10,0,1
BRDA:71,10,1,1
BRDA:75,11,0,6
BRDA:75,11,1,1
BRF:24
BRH:22
end_of_record
TN:
SF:src/routes/api/capture/submit/+server.ts
FN:14,collectErrorMessages
FN:35,(anonymous_1)
FN:38,(anonymous_2)
FN:58,(anonymous_3)
FN:78,(anonymous_4)
FN:79,(anonymous_5)
FN:82,(anonymous_6)
FN:94,(anonymous_7)
FN:100,(anonymous_8)
FN:101,(anonymous_9)
FN:118,(anonymous_10)
FN:121,(anonymous_11)
FN:125,(anonymous_12)
FN:127,(anonymous_13)
FN:130,(anonymous_14)
FN:131,(anonymous_15)
FNF:16
FNH:11
FNDA:5,collectErrorMessages
FNDA:6,(anonymous_1)
FNDA:14,(anonymous_2)
FNDA:5,(anonymous_3)
FNDA:7,(anonymous_4)
FNDA:0,(anonymous_5)
FNDA:2,(anonymous_6)
FNDA:6,(anonymous_7)
FNDA:6,(anonymous_8)
FNDA:6,(anonymous_9)
FNDA:0,(anonymous_10)
FNDA:0,(anonymous_11)
FNDA:1,(anonymous_12)
FNDA:0,(anonymous_13)
FNDA:1,(anonymous_14)
FNDA:0,(anonymous_15)
DA:15,5
DA:16,5
DA:17,5
DA:18,5
DA:19,7
DA:20,7
DA:21,3
DA:22,3
DA:23,3
DA:25,4
DA:26,3
DA:27,3
DA:28,3
DA:30,3
DA:31,3
DA:33,1
DA:35,6
DA:38,1
DA:39,14
DA:40,14
DA:43,13
DA:44,13
DA:46,1
DA:50,12
DA:51,14
DA:53,11
DA:54,14
DA:56,14
DA:57,5
DA:58,5
DA:59,1
DA:61,4
DA:62,4
DA:63,4
DA:64,4
DA:71,6
DA:72,6
DA:76,6
DA:78,6
DA:79,7
DA:82,6
DA:83,2
DA:84,1
DA:86,1
DA:94,6
DA:95,6
DA:96,6
DA:97,6
DA:98,6
DA:99,6
DA:100,6
DA:101,6
DA:105,4
DA:107,1
DA:108,1
DA:109,1
DA:110,1
DA:117,5
DA:118,5
DA:119,5
DA:121,4
DA:125,6
DA:126,1
DA:127,1
DA:130,6
DA:131,1
DA:134,6
LF:67
LH:67
BRDA:18,0,0,5
BRDA:18,0,1,7
BRDA:20,1,0,3
BRDA:20,1,1,4
BRDA:25,2,0,3
BRDA:25,2,1,1
BRDA:25,3,0,4
BRDA:25,3,1,3
BRDA:26,4,0,3
BRDA:26,4,1,0
BRDA:27,5,0,3
BRDA:27,5,1,0
BRDA:27,6,0,3
BRDA:27,6,1,3
BRDA:30,7,0,2
BRDA:30,7,1,1
BRDA:35,8,0,6
BRDA:35,8,1,6
BRDA:40,9,0,1
BRDA:40,9,1,13
BRDA:50,10,0,11
BRDA:50,10,1,1
BRDA:50,11,0,12
BRDA:50,11,1,12
BRDA:50,11,2,12
BRDA:51,12,0,1
BRDA:51,12,1,13
BRDA:53,13,0,11
BRDA:53,13,1,5
BRDA:56,14,0,5
BRDA:56,14,1,9
BRDA:62,15,0,4
BRDA:62,15,1,1
BRDA:83,16,0,1
BRDA:83,16,1,1
BRDA:108,17,0,1
BRDA:108,17,1,0
BRDA:114,18,0,0
BRDA:114,18,1,1
BRDA:117,19,0,5
BRDA:117,19,1,0
BRF:41
BRH:36
end_of_record
TN:
SF:src/routes/api/capture/transcribe/+server.ts
FN:9,(anonymous_0)
FNF:1
FNH:1
FNDA:7,(anonymous_0)
DA:7,1
DA:9,1
DA:10,7
DA:11,7
DA:13,6
DA:14,7
DA:15,1
DA:19,5
DA:20,5
DA:22,0
DA:25,5
DA:26,5
DA:27,1
DA:29,4
DA:30,1
DA:32,3
DA:33,0
DA:36,3
DA:37,3
DA:38,1
DA:41,2
DA:43,7
DA:45,7
DA:47,2
DA:48,2
DA:52,1
DA:54,1
DA:55,1
DA:56,1
LF:29
LH:27
BRDA:11,0,0,1
BRDA:11,0,1,6
BRDA:13,1,0,6
BRDA:13,1,1,0
BRDA:14,2,0,1
BRDA:14,2,1,6
BRDA:26,3,0,1
BRDA:26,3,1,4
BRDA:29,4,0,1
BRDA:29,4,1,3
BRDA:32,5,0,0
BRDA:32,5,1,3
BRDA:37,6,0,1
BRDA:37,6,1,2
BRDA:38,7,0,1
BRDA:38,7,1,0
BRDA:41,8,0,2
BRDA:41,8,1,1
BRDA:43,9,0,1
BRDA:43,9,1,1
BRDA:43,10,0,7
BRDA:43,10,1,1
BRDA:54,11,0,1
BRDA:54,11,1,0
BRF:24
BRH:20
end_of_record
TN:
SF:src/routes/api/chat/+server.ts
FN:12,collectErrorMessages
FN:33,(anonymous_1)
FN:36,getOrCreateSession
FN:53,persistAssistantMessage
FN:61,(anonymous_4)
FN:129,(anonymous_5)
FN:131,(anonymous_6)
FN:136,(anonymous_7)
FN:142,(anonymous_8)
FN:145,(anonymous_9)
FN:148,(anonymous_10)
FN:157,(anonymous_11)
FN:163,(anonymous_12)
FN:214,(anonymous_13)
FN:221,(anonymous_14)
FN:222,(anonymous_15)
FN:226,(anonymous_16)
FN:279,(anonymous_17)
FN:293,(anonymous_18)
FN:312,(anonymous_19)
FN:330,(anonymous_20)
FNF:21
FNH:17
FNDA:1,collectErrorMessages
FNDA:1,(anonymous_1)
FNDA:8,getOrCreateSession
FNDA:5,persistAssistantMessage
FNDA:11,(anonymous_4)
FNDA:11,(anonymous_5)
FNDA:3,(anonymous_6)
FNDA:6,(anonymous_7)
FNDA:5,(anonymous_8)
FNDA:0,(anonymous_9)
FNDA:1,(anonymous_10)
FNDA:0,(anonymous_11)
FNDA:8,(anonymous_12)
FNDA:5,(anonymous_13)
FNDA:5,(anonymous_14)
FNDA:5,(anonymous_15)
FNDA:8,(anonymous_16)
FNDA:0,(anonymous_17)
FNDA:0,(anonymous_18)
FNDA:2,(anonymous_19)
FNDA:1,(anonymous_20)
DA:13,1
DA:14,1
DA:15,1
DA:16,1
DA:17,1
DA:18,1
DA:19,1
DA:20,1
DA:21,1
DA:23,0
DA:24,0
DA:25,0
DA:26,0
DA:28,0
DA:29,0
DA:31,0
DA:33,1
DA:37,8
DA:38,7
DA:42,7
DA:44,1
DA:49,1
DA:50,0
DA:54,5
DA:58,5
DA:61,1
DA:62,11
DA:63,11
DA:64,1
DA:65,1
DA:69,10
DA:70,10
DA:72,1
DA:73,1
DA:77,9
DA:80,11
DA:81,11
DA:82,1
DA:83,1
DA:86,8
DA:87,11
DA:88,11
DA:89,0
DA:95,0
DA:99,8
DA:100,8
DA:102,7
DA:109,7
DA:113,7
DA:115,11
DA:116,11
DA:118,11
DA:119,5
DA:120,5
DA:124,5
DA:126,5
DA:127,5
DA:129,5
DA:130,11
DA:131,10
DA:132,3
DA:136,5
DA:137,6
DA:138,5
DA:139,5
DA:142,5
DA:143,5
DA:144,3
DA:145,3
DA:148,5
DA:149,1
DA:150,1
DA:156,1
DA:157,1
DA:161,5
DA:163,5
DA:171,8
DA:172,0
DA:176,8
DA:177,3
DA:178,3
DA:182,5
DA:183,0
DA:187,5
DA:188,2
DA:197,3
DA:198,3
DA:199,3
DA:200,3
DA:214,5
DA:215,5
DA:216,5
DA:217,5
DA:218,5
DA:219,5
DA:221,5
DA:222,5
DA:227,8
DA:228,6
DA:230,8
DA:237,4
DA:239,4
DA:240,8
DA:241,2
DA:244,4
DA:245,4
DA:246,7
DA:256,7
DA:259,4
DA:262,5
DA:263,5
DA:264,4
DA:265,0
DA:266,0
DA:271,4
DA:273,1
DA:274,1
DA:275,1
DA:276,1
DA:278,5
DA:279,5
DA:280,5
DA:282,5
DA:283,0
DA:289,5
DA:293,5
DA:294,0
DA:295,0
DA:296,0
DA:302,0
DA:305,5
DA:310,2
DA:311,2
DA:312,2
DA:317,1
DA:319,1
DA:320,0
DA:321,0
DA:327,1
DA:328,1
DA:330,1
DA:335,1
DA:336,1
LF:143
LH:122
BRDA:16,0,0,1
BRDA:16,0,1,1
BRDA:18,1,0,1
BRDA:18,1,1,0
BRDA:23,2,0,0
BRDA:23,2,1,0
BRDA:23,3,0,0
BRDA:23,3,1,0
BRDA:24,4,0,0
BRDA:24,4,1,0
BRDA:25,5,0,0
BRDA:25,5,1,0
BRDA:25,6,0,0
BRDA:25,6,1,0
BRDA:28,7,0,0
BRDA:28,7,1,0
BRDA:33,8,0,1
BRDA:33,8,1,1
BRDA:37,9,0,7
BRDA:37,9,1,1
BRDA:49,10,0,1
BRDA:49,10,1,0
BRDA:56,11,0,0
BRDA:56,11,1,5
BRDA:63,12,0,1
BRDA:63,12,1,10
BRDA:77,13,0,9
BRDA:77,13,1,0
BRDA:77,14,0,9
BRDA:77,14,1,9
BRDA:80,15,0,9
BRDA:80,15,1,0
BRDA:81,16,0,1
BRDA:81,16,1,10
BRDA:86,17,0,0
BRDA:86,17,1,8
BRDA:89,18,0,0
BRDA:89,18,1,0
BRDA:90,19,0,0
BRDA:90,19,1,0
BRDA:90,19,2,0
BRDA:90,19,3,0
BRDA:100,20,0,1
BRDA:100,20,1,7
BRDA:100,21,0,8
BRDA:100,21,1,1
BRDA:115,22,0,11
BRDA:115,22,1,2
BRDA:118,23,0,5
BRDA:118,23,1,6
BRDA:130,24,0,1
BRDA:130,24,1,10
BRDA:137,25,0,1
BRDA:137,25,1,5
BRDA:143,26,0,2
BRDA:143,26,1,3
BRDA:149,27,0,1
BRDA:149,27,1,0
BRDA:171,28,0,0
BRDA:171,28,1,8
BRDA:171,29,0,8
BRDA:171,29,1,0
BRDA:176,30,0,3
BRDA:176,30,1,5
BRDA:177,31,0,3
BRDA:177,31,1,0
BRDA:182,32,0,0
BRDA:182,32,1,5
BRDA:184,33,0,0
BRDA:184,33,1,0
BRDA:187,34,0,2
BRDA:187,34,1,3
BRDA:189,35,0,2
BRDA:189,35,1,0
BRDA:197,36,0,3
BRDA:197,36,1,0
BRDA:198,37,0,3
BRDA:198,37,1,0
BRDA:206,38,0,3
BRDA:206,38,1,0
BRDA:227,39,0,6
BRDA:227,39,1,2
BRDA:240,40,0,2
BRDA:240,40,1,6
BRDA:240,41,0,8
BRDA:240,41,1,3
BRDA:256,42,0,7
BRDA:256,42,1,0
BRDA:259,43,0,4
BRDA:259,43,1,0
BRDA:259,44,0,4
BRDA:259,44,1,4
BRDA:264,45,0,0
BRDA:264,45,1,4
BRDA:265,46,0,0
BRDA:265,46,1,0
BRDA:274,47,0,1
BRDA:274,47,1,0
BRDA:278,48,0,5
BRDA:278,48,1,0
BRDA:282,49,0,0
BRDA:282,49,1,5
BRDA:295,50,0,0
BRDA:295,50,1,0
BRDA:299,51,0,0
BRDA:299,51,1,0
BRDA:319,52,0,0
BRDA:319,52,1,1
BRDA:320,53,0,0
BRDA:320,53,1,0
BRDA:335,54,0,1
BRDA:335,54,1,0
BRDA:335,55,0,1
BRDA:335,55,1,0
BRF:114
BRH:62
end_of_record
TN:
SF:src/routes/api/embeddings/snapshot/+server.ts
FN:25,(anonymous_0)
FN:59,(anonymous_1)
FN:69,(anonymous_2)
FNF:3
FNH:3
FNDA:5,(anonymous_0)
FNDA:802,(anonymous_1)
FNDA:1,(anonymous_2)
DA:11,1
DA:25,1
DA:26,5
DA:27,5
DA:29,4
DA:32,4
DA:45,4
DA:59,802
DA:68,4
DA:69,4
DA:77,4
DA:80,4
DA:81,803
DA:84,1
DA:91,3
LF:15
LH:15
BRDA:27,0,0,1
BRDA:27,0,1,4
BRDA:81,1,0,1
BRDA:81,1,1,802
BRDA:81,2,0,803
BRDA:81,2,1,803
BRDA:86,3,0,1
BRDA:86,3,1,0
BRF:8
BRH:7
end_of_record
TN:
SF:src/routes/api/entities/[entityId]/+server.ts
FN:9,(anonymous_0)
FN:22,(anonymous_1)
FN:58,(anonymous_2)
FNF:3
FNH:3
FNDA:2,(anonymous_0)
FNDA:3,(anonymous_1)
FNDA:3,(anonymous_2)
DA:9,1
DA:10,2
DA:11,2
DA:13,1
DA:14,2
DA:16,1
DA:17,1
DA:19,1
DA:22,1
DA:23,3
DA:24,3
DA:26,2
DA:27,3
DA:30,2
DA:31,2
DA:33,0
DA:35,2
DA:37,2
DA:39,3
DA:43,3
DA:44,1
DA:47,1
DA:48,1
DA:49,1
DA:50,1
DA:52,0
DA:53,0
DA:54,0
DA:58,1
DA:59,3
DA:60,3
DA:62,2
DA:63,3
DA:65,2
DA:66,2
DA:68,1
LF:36
LH:32
BRDA:11,0,0,1
BRDA:11,0,1,1
BRDA:13,1,0,1
BRDA:13,1,1,0
BRDA:14,2,0,0
BRDA:14,2,1,2
BRDA:17,3,0,0
BRDA:17,3,1,1
BRDA:24,4,0,1
BRDA:24,4,1,2
BRDA:26,5,0,2
BRDA:26,5,1,0
BRDA:27,6,0,0
BRDA:27,6,1,3
BRDA:35,7,0,0
BRDA:35,7,1,2
BRDA:35,8,0,2
BRDA:35,8,1,2
BRDA:37,9,0,1
BRDA:37,9,1,1
BRDA:37,10,0,2
BRDA:37,10,1,1
BRDA:39,11,0,0
BRDA:39,11,1,2
BRDA:39,12,0,3
BRDA:39,12,1,0
BRDA:43,13,0,1
BRDA:43,13,1,2
BRDA:43,14,0,3
BRDA:43,14,1,1
BRDA:49,15,0,0
BRDA:49,15,1,1
BRDA:52,16,0,0
BRDA:52,16,1,0
BRDA:53,17,0,0
BRDA:53,17,1,0
BRDA:60,18,0,1
BRDA:60,18,1,2
BRDA:62,19,0,2
BRDA:62,19,1,0
BRDA:63,20,0,0
BRDA:63,20,1,3
BRDA:66,21,0,1
BRDA:66,21,1,1
BRF:44
BRH:29
end_of_record
TN:
SF:src/routes/api/entities/[entityId]/sync/+server.ts
FN:6,(anonymous_0)
FNF:1
FNH:1
FNDA:3,(anonymous_0)
DA:6,1
DA:7,3
DA:8,3
DA:10,2
DA:11,3
DA:13,2
DA:14,2
DA:16,1
DA:18,1
LF:9
LH:9
BRDA:8,0,0,1
BRDA:8,0,1,2
BRDA:10,1,0,2
BRDA:10,1,1,0
BRDA:11,2,0,0
BRDA:11,2,1,3
BRDA:14,3,0,1
BRDA:14,3,1,1
BRF:8
BRH:6
end_of_record
TN:
SF:src/routes/api/entities/[entityId]/thoughts/+server.ts
FN:5,(anonymous_0)
FNF:1
FNH:1
FNDA:2,(anonymous_0)
DA:5,1
DA:6,2
DA:7,2
DA:9,1
DA:10,2
DA:12,1
DA:13,1
LF:7
LH:7
BRDA:7,0,0,1
BRDA:7,0,1,1
BRDA:9,1,0,1
BRDA:9,1,1,0
BRDA:10,2,0,0
BRDA:10,2,1,2
BRF:6
BRH:4
end_of_record
TN:
SF:src/routes/api/graph/rearrange/+server.ts
FN:15,(anonymous_0)
FNF:1
FNH:1
FNDA:2,(anonymous_0)
DA:15,1
DA:16,2
DA:17,2
DA:19,1
DA:20,1
DA:21,1
DA:22,1
DA:23,1
DA:25,1
LF:9
LH:9
BRDA:17,0,0,1
BRDA:17,0,1,1
BRF:2
BRH:2
end_of_record
TN:
SF:src/routes/api/mcp/+server.ts
FN:7,handleMcp
FN:25,(anonymous_1)
FN:30,(anonymous_2)
FN:31,(anonymous_3)
FN:32,(anonymous_4)
FNF:5
FNH:3
FNDA:4,handleMcp
FNDA:3,(anonymous_1)
FNDA:0,(anonymous_2)
FNDA:4,(anonymous_3)
FNDA:0,(anonymous_4)
DA:8,4
DA:9,4
DA:10,1
DA:15,3
DA:20,3
DA:21,3
DA:25,3
DA:26,3
DA:30,1
DA:31,4
DA:32,1
LF:11
LH:11
BRDA:9,0,0,1
BRDA:9,0,1,3
BRF:2
BRH:2
end_of_record
TN:
SF:src/routes/api/memories/+server.ts
FN:8,(anonymous_0)
FNF:1
FNH:1
FNDA:3,(anonymous_0)
DA:8,1
DA:9,3
DA:10,3
DA:13,2
DA:14,2
DA:16,0
DA:18,2
DA:21,2
DA:25,3
DA:26,3
DA:28,1
DA:29,1
DA:32,1
DA:33,1
DA:34,1
DA:36,0
DA:37,0
LF:17
LH:14
BRDA:10,0,0,1
BRDA:10,0,1,2
BRDA:18,1,0,0
BRDA:18,1,1,2
BRDA:18,2,0,2
BRDA:18,2,1,2
BRDA:21,3,0,2
BRDA:21,3,1,0
BRDA:21,4,0,2
BRDA:21,4,1,2
BRDA:28,5,0,1
BRDA:28,5,1,0
BRDA:36,6,0,0
BRDA:36,6,1,0
BRF:14
BRH:9
end_of_record
TN:
SF:src/routes/api/push/subscribe/+server.ts
FN:5,(anonymous_0)
FNF:1
FNH:1
FNDA:3,(anonymous_0)
DA:5,1
DA:6,3
DA:7,3
DA:10,2
DA:11,2
DA:13,0
DA:17,2
DA:18,2
DA:20,1
DA:21,1
DA:24,1
DA:26,1
DA:27,1
DA:28,1
DA:30,0
DA:31,0
LF:16
LH:13
BRDA:7,0,0,1
BRDA:7,0,1,2
BRDA:20,1,0,1
BRDA:20,1,1,0
BRDA:30,2,0,0
BRDA:30,2,1,0
BRF:6
BRH:3
end_of_record
TN:
SF:src/routes/api/push/test/+server.ts
FN:5,(anonymous_0)
FNF:1
FNH:1
FNDA:4,(anonymous_0)
DA:5,1
DA:6,4
DA:7,4
DA:9,3
DA:10,3
DA:16,1
DA:18,2
DA:19,2
DA:20,1
DA:22,1
DA:23,1
DA:25,0
LF:12
LH:11
BRDA:7,0,0,1
BRDA:7,0,1,3
BRDA:18,1,0,2
BRDA:18,1,1,0
BRDA:19,2,0,1
BRDA:19,2,1,1
BRDA:19,3,0,2
BRDA:19,3,1,1
BRDA:22,4,0,1
BRDA:22,4,1,0
BRF:10
BRH:8
end_of_record
TN:
SF:src/routes/api/push/unsubscribe/+server.ts
FN:5,(anonymous_0)
FNF:1
FNH:1
FNDA:6,(anonymous_0)
DA:5,1
DA:6,6
DA:7,6
DA:10,5
DA:11,5
DA:13,1
DA:16,4
DA:18,4
DA:21,6
DA:23,3
DA:24,3
DA:25,2
DA:27,1
DA:28,1
LF:14
LH:14
BRDA:7,0,0,1
BRDA:7,0,1,5
BRDA:16,1,0,0
BRDA:16,1,1,4
BRDA:16,2,0,4
BRDA:16,2,1,4
BRDA:18,3,0,4
BRDA:18,3,1,0
BRDA:18,4,0,4
BRDA:18,4,1,4
BRDA:21,5,0,1
BRDA:21,5,1,5
BRDA:27,6,0,1
BRDA:27,6,1,0
BRF:14
BRH:11
end_of_record
TN:
SF:src/routes/api/push/vapid-public-key/+server.ts
FN:5,(anonymous_0)
FNF:1
FNH:1
FNDA:3,(anonymous_0)
DA:5,1
DA:6,3
DA:7,2
DA:8,2
DA:9,2
DA:11,1
DA:12,1
LF:7
LH:7
BRDA:6,0,0,1
BRDA:6,0,1,2
BRDA:11,1,0,1
BRDA:11,1,1,0
BRF:4
BRH:3
end_of_record
TN:
SF:src/routes/api/retrieval/search/+server.ts
FN:7,(anonymous_0)
FN:39,(anonymous_1)
FNF:2
FNH:2
FNDA:4,(anonymous_0)
FNDA:1,(anonymous_1)
DA:7,1
DA:8,4
DA:9,4
DA:12,3
DA:13,3
DA:15,1
DA:18,2
DA:19,4
DA:20,4
DA:22,4
DA:23,1
DA:24,0
DA:27,1
DA:28,1
DA:34,1
DA:39,1
DA:42,1
LF:17
LH:16
BRDA:9,0,0,1
BRDA:9,0,1,3
BRDA:18,1,0,2
BRDA:18,1,1,0
BRDA:18,2,0,2
BRDA:18,2,1,2
BRDA:19,3,0,2
BRDA:19,3,1,0
BRDA:20,4,0,2
BRDA:20,4,1,0
BRDA:22,5,0,1
BRDA:22,5,1,3
BRDA:23,6,0,0
BRDA:23,6,1,1
BRDA:23,7,0,1
BRDA:23,7,1,1
BRDA:23,7,2,1
BRF:17
BRH:13
end_of_record
TN:
SF:src/routes/api/scheduled-tasks/+server.ts
FN:5,(anonymous_0)
FNF:1
FNH:1
FNDA:3,(anonymous_0)
DA:5,1
DA:6,3
DA:7,1
DA:10,2
DA:11,2
DA:12,1
DA:14,1
DA:17,1
LF:8
LH:8
BRDA:6,0,0,1
BRDA:6,0,1,2
BRDA:15,1,0,1
BRDA:15,1,1,0
BRDA:20,2,0,1
BRDA:20,2,1,0
BRF:6
BRH:4
end_of_record
TN:
SF:src/routes/api/scheduled-tasks/[taskId]/+server.ts
FN:7,(anonymous_0)
FN:38,(anonymous_1)
FN:82,(anonymous_2)
FNF:3
FNH:3
FNDA:5,(anonymous_0)
FNDA:4,(anonymous_1)
FNDA:4,(anonymous_2)
DA:7,1
DA:8,5
DA:9,1
DA:12,4
DA:13,4
DA:14,0
DA:18,4
DA:19,4
DA:21,1
DA:24,3
DA:25,1
DA:28,2
DA:29,2
DA:30,1
DA:32,1
DA:33,1
DA:34,1
DA:38,1
DA:39,4
DA:40,1
DA:43,3
DA:44,3
DA:45,0
DA:48,3
DA:49,1
DA:52,2
DA:53,2
DA:54,2
DA:55,1
DA:65,1
DA:76,0
DA:77,0
DA:78,0
DA:82,1
DA:83,4
DA:84,1
DA:87,3
DA:88,3
DA:89,0
DA:92,3
DA:93,1
DA:96,2
DA:97,2
DA:98,1
DA:101,1
LF:45
LH:39
BRDA:8,0,0,1
BRDA:8,0,1,4
BRDA:13,1,0,0
BRDA:13,1,1,4
BRDA:24,2,0,1
BRDA:24,2,1,2
BRDA:32,3,0,1
BRDA:32,3,1,0
BRDA:39,4,0,1
BRDA:39,4,1,3
BRDA:44,5,0,0
BRDA:44,5,1,3
BRDA:48,6,0,1
BRDA:48,6,1,2
BRDA:54,7,0,1
BRDA:54,7,1,1
BRDA:76,8,0,0
BRDA:76,8,1,0
BRDA:83,9,0,1
BRDA:83,9,1,3
BRDA:88,10,0,0
BRDA:88,10,1,3
BRDA:92,11,0,1
BRDA:92,11,1,2
BRDA:97,12,0,1
BRDA:97,12,1,1
BRF:26
BRH:20
end_of_record
TN:
SF:src/routes/api/session/sign-out/+server.ts
FN:6,(anonymous_0)
FNF:1
FNH:1
FNDA:1,(anonymous_0)
DA:6,1
DA:7,1
DA:10,1
LF:3
LH:3
BRF:0
BRH:0
end_of_record
TN:
SF:src/routes/api/settings/linkedin/draft/+server.ts
FN:5,(anonymous_0)
FNF:1
FNH:1
FNDA:4,(anonymous_0)
DA:5,1
DA:6,4
DA:7,4
DA:10,3
DA:11,3
DA:13,1
DA:17,2
DA:21,4
DA:25,4
DA:26,4
DA:27,4
DA:35,4
DA:37,1
DA:38,1
LF:14
LH:14
BRDA:7,0,0,1
BRDA:7,0,1,3
BRDA:17,1,0,2
BRDA:17,1,1,0
BRDA:17,2,0,2
BRDA:17,2,1,2
BRDA:17,2,2,2
BRDA:18,3,0,2
BRDA:18,3,1,0
BRDA:21,4,0,2
BRDA:21,4,1,0
BRDA:21,5,0,4
BRDA:21,5,1,2
BRDA:21,5,2,2
BRDA:22,6,0,2
BRDA:22,6,1,0
BRDA:37,7,0,1
BRDA:37,7,1,0
BRF:18
BRH:13
end_of_record
TN:
SF:src/routes/api/temporal-events/+server.ts
FN:32,(anonymous_0)
FN:61,(anonymous_1)
FNF:2
FNH:2
FNDA:2,(anonymous_0)
FNDA:1,(anonymous_1)
DA:7,1
DA:32,1
DA:33,2
DA:34,2
DA:36,1
DA:61,1
DA:80,1
LF:7
LH:7
BRDA:34,0,0,1
BRDA:34,0,1,1
BRDA:70,1,0,1
BRDA:70,1,1,0
BRDA:71,2,0,1
BRDA:71,2,1,0
BRF:6
BRH:4
end_of_record
TN:
SF:src/routes/api/thoughts/[thoughtId]/+server.ts
FN:10,(anonymous_0)
FN:71,(anonymous_1)
FN:78,(anonymous_2)
FNF:3
FNH:3
FNDA:2,(anonymous_0)
FNDA:3,(anonymous_1)
FNDA:2,(anonymous_2)
DA:10,1
DA:11,2
DA:12,2
DA:14,1
DA:15,2
DA:17,1
DA:33,1
DA:34,1
DA:61,1
DA:71,1
DA:72,3
DA:73,3
DA:75,2
DA:76,3
DA:78,2
DA:81,2
DA:83,1
LF:17
LH:17
BRDA:12,0,0,1
BRDA:12,0,1,1
BRDA:14,1,0,1
BRDA:14,1,1,0
BRDA:15,2,0,0
BRDA:15,2,1,2
BRDA:33,3,0,0
BRDA:33,3,1,1
BRDA:35,4,0,0
BRDA:35,4,1,1
BRDA:43,5,0,0
BRDA:43,5,1,1
BRDA:51,6,0,0
BRDA:51,6,1,1
BRDA:58,7,0,1
BRDA:58,7,1,1
BRDA:73,8,0,1
BRDA:73,8,1,2
BRDA:75,9,0,2
BRDA:75,9,1,0
BRDA:76,10,0,0
BRDA:76,10,1,3
BRDA:81,11,0,1
BRDA:81,11,1,1
BRF:24
BRH:16
end_of_record
TN:
SF:src/routes/api/thoughts/export/+server.ts
FN:18,escapeCsvField
FN:25,formatCsvRow
FN:29,formatTimestamp
FN:33,thoughtStatus
FN:38,exportFilename
FN:43,(anonymous_5)
FNF:6
FNH:6
FNDA:35,escapeCsvField
FNDA:5,formatCsvRow
FNDA:4,formatTimestamp
FNDA:2,thoughtStatus
FNDA:3,exportFilename
FNDA:4,(anonymous_5)
DA:8,1
DA:19,35
DA:20,2
DA:22,33
DA:26,5
DA:30,4
DA:34,2
DA:35,2
DA:39,3
DA:40,3
DA:43,1
DA:44,4
DA:45,4
DA:47,3
DA:65,3
DA:66,3
DA:67,2
DA:93,2
DA:94,2
DA:107,3
DA:109,3
LF:21
LH:21
BRDA:19,0,0,2
BRDA:19,0,1,33
BRDA:35,1,0,1
BRDA:35,1,1,1
BRDA:45,2,0,1
BRDA:45,2,1,3
BRDA:68,3,0,0
BRDA:68,3,1,2
BRDA:76,4,0,0
BRDA:76,4,1,2
BRDA:84,5,0,0
BRDA:84,5,1,2
BRDA:91,6,0,2
BRDA:91,6,1,0
BRF:14
BRH:10
end_of_record
